[35m[Appium][39m Welcome to Appium v1.22.3
[35m[Appium][39m Non-default server args:
[35m[Appium][39m   port: 59272
[35m[Appium][39m   loglevel: info
[35m[Appium][39m   tmpDir: C:\Users\NEVARD~1.OSP\AppData\Local\Temp\\Katalon\Appium\Temp1703271159740
[35m[Appium][39m   chromedriverPort: 59274
[35m[Appium][39m Deprecated server args:
[35m[Appium][39m   [31m--chromedriver-port[39m => --default-capabilities
[35m[Appium][39m Default capabilities, which will be added to each request unless overridden by desired capabilities:
[35m[Appium][39m   chromedriverPort: 59274
[35m[Appium][39m Appium REST http interface listener started on 0.0.0.0:59272
[35m[HTTP][39m [37m-->[39m [37mGET[39m [37m/wd/hub/status[39m
[35m[HTTP][39m [90m{}[39m
[35m[HTTP][39m [37m<-- GET /wd/hub/status [39m[32m200[39m [90m4 ms - 68[39m
[35m[HTTP][39m [90m[39m
[35m[HTTP][39m [37m-->[39m [37mGET[39m [37m/wd/hub/status[39m
[35m[HTTP][39m [90m{}[39m
[35m[HTTP][39m [37m<-- GET /wd/hub/status [39m[32m200[39m [90m1 ms - 68[39m
[35m[HTTP][39m [90m[39m
[35m[HTTP][39m [37m-->[39m [37mPOST[39m [37m/wd/hub/session[39m
[35m[HTTP][39m [90m{"desiredCapabilities":{"app":"C:\\Users\\nevardo.ospina\\Downloads\\Apk\\App_Exito.apk","noReset":true,"appWaitActivity":"com.exito.appcompania.*","deviceId":"","deviceName":"emulator-5554 (Android SDK built for x86 - Android 11)","fullReset":false,"platform":"ANDROID","newCommandTimeout":1800,"platformVersion":"11","automationName":"uiautomator2","autoGrantPermissions":true,"platformName":"Android","udid":"emulator-5554","systemPort":59284},"capabilities":{"firstMatch":[{"appium:app":"C:\\Users\\nevardo.ospina\\Downloads\\Apk\\App_Exito.apk","appium:appWaitActivity":"com.exito.appcompania.*","appium:autoGrantPermissions":true,"appium:automationName":"uiautomator2","deviceId":"","appium:deviceName":"emulator-5554 (Android SDK built for x86 - Android 11)","appium:fullReset":false,"appium:newCommandTimeout":1800,"appium:noReset":true,"platform":"ANDROID","platformName":"android","appium:platformVersion":"11","appium:systemPort":59284,"appium:udid":"emulator-5554"}]}}[39m
[35m[BaseDriver][39m The following capabilities are not standard capabilities and should have an extension prefix:
[35m[BaseDriver][39m   deviceId
[35m[BaseDriver][39m   platform
[35m[BaseDriver][39m   chromedriverPort
[35m[Appium][39m Appium v1.22.3 creating new AndroidUiautomator2Driver (v1.70.1) session
[35m[BaseDriver][39m The following capabilities were provided, but are not recognized by Appium:
[35m[BaseDriver][39m   deviceId
[35m[BaseDriver][39m   platform
[35m[BaseDriver][39m Session created with session id: d8ca7976-c8a1-47c7-af00-4f7a8f739fed
[35m[BaseDriver][39m Using local app 'C:\Users\nevardo.ospina\Downloads\Apk\App_Exito.apk'
[35m[ADB][39m Found 1 'build-tools' folders under 'C:\Users\nevardo.ospina\AppData\Local\Android\Sdk' (newest first):
[35m[ADB][39m     C:/Users/nevardo.ospina/AppData/Local/Android/Sdk/build-tools/34.0.0
[35m[ADB][39m Using 'adb.exe' from 'C:\Users\nevardo.ospina\AppData\Local\Android\Sdk\platform-tools\adb.exe'
[35m[AndroidDriver][39m Retrieving device list
[35m[AndroidDriver][39m Using device: emulator-5554
[35m[ADB][39m Using 'adb.exe' from 'C:\Users\nevardo.ospina\AppData\Local\Android\Sdk\platform-tools\adb.exe'
[35m[ADB][39m Getting device platform version
[35m[UiAutomator2][39m Relaxing hidden api policy
[35m[ADB][39m Package name: 'com.exito.appcompania'
[35m[ADB][39m Main activity name: 'com.exito.appcompania.views.initialaccess.activities.SplashActivity'
[35m[ADB][39m Using 'apksigner.jar' from 'C:\Users\nevardo.ospina\AppData\Local\Android\Sdk\build-tools\34.0.0\lib\apksigner.jar'
[35m[ADB][39m 'C:\Users\nevardo.ospina\AppData\Roaming\npm\node_modules\appium\node_modules\appium-uiautomator2-server\apks\appium-uiautomator2-server-v4.27.0.apk' is signed with the default certificate
[35m[ADB][39m 'C:\Users\nevardo.ospina\AppData\Roaming\npm\node_modules\appium\node_modules\appium-uiautomator2-server\apks\appium-uiautomator2-server-debug-androidTest.apk' is signed with the default certificate
[35m[UiAutomator2][39m Server packages are not going to be (re)installed
[35m[ADB][39m Adding packages ["io.appium.settings","io.appium.uiautomator2.server","io.appium.uiautomator2.server.test"] to Doze whitelist
[35m[ADB][39m 'C:\Users\nevardo.ospina\Downloads\Apk\App_Exito.apk' is signed with a non-default certificate
[35m[ADB][39m The application at 'C:\Users\nevardo.ospina\Downloads\Apk\App_Exito.apk' will not be cached, because the device under test has confirmed the support of streamed installs
[35m[ADB][39m The installation of 'App_Exito.apk' took 3583ms
[35m[UiAutomator2][39m Starting UIAutomator2 server 4.27.0
[35m[UiAutomator2][39m Using UIAutomator2 server from 'C:\Users\nevardo.ospina\AppData\Roaming\npm\node_modules\appium\node_modules\appium-uiautomator2-server\apks\appium-uiautomator2-server-v4.27.0.apk' and test from 'C:\Users\nevardo.ospina\AppData\Roaming\npm\node_modules\appium\node_modules\appium-uiautomator2-server\apks\appium-uiautomator2-server-debug-androidTest.apk'
[35m[UiAutomator2][39m Waiting up to 30000ms for UiAutomator2 to be online...
[35m[WD Proxy][39m socket hang up
[35m[WD Proxy][39m socket hang up
[35m[WD Proxy][39m socket hang up
[35m[WD Proxy][39m Determined the downstream protocol as 'W3C'
[35m[AndroidDriver][39m Screen already unlocked, doing nothing
[35m[UiAutomator2][39m Starting 'com.exito.appcompania/com.exito.appcompania.views.initialaccess.activities.SplashActivity and waiting for 'com.exito.appcompania/com.exito.appcompania.*'
[35m[Appium][39m New AndroidUiautomator2Driver session created successfully, session d8ca7976-c8a1-47c7-af00-4f7a8f739fed added to master session list
[35m[HTTP][39m [37m<-- POST /wd/hub/session [39m[32m200[39m [90m13392 ms - 1437[39m
[35m[HTTP][39m [90m[39m
[35m[HTTP][39m [37m-->[39m [37mGET[39m [37m/wd/hub/session/d8ca7976-c8a1-47c7-af00-4f7a8f739fed[39m
[35m[HTTP][39m [90m{}[39m
[35m[HTTP][39m [37m<-- GET /wd/hub/session/d8ca7976-c8a1-47c7-af00-4f7a8f739fed [39m[32m200[39m [90m13 ms - 1391[39m
[35m[HTTP][39m [90m[39m
[35m[HTTP][39m [37m-->[39m [37mGET[39m [37m/wd/hub/session/d8ca7976-c8a1-47c7-af00-4f7a8f739fed[39m
[35m[HTTP][39m [90m{}[39m
[35m[HTTP][39m [37m<-- GET /wd/hub/session/d8ca7976-c8a1-47c7-af00-4f7a8f739fed [39m[32m200[39m [90m12 ms - 1391[39m
[35m[HTTP][39m [90m[39m
[35m[HTTP][39m [37m-->[39m [37mGET[39m [37m/wd/hub/status[39m
[35m[HTTP][39m [90m{}[39m
[35m[HTTP][39m [37m<-- GET /wd/hub/status [39m[32m200[39m [90m1 ms - 68[39m
[35m[HTTP][39m [90m[39m
[35m[HTTP][39m [37m-->[39m [37mPOST[39m [37m/wd/hub/session/d8ca7976-c8a1-47c7-af00-4f7a8f739fed/timeouts[39m
[35m[HTTP][39m [90m{"implicit":60000}[39m
[35m[HTTP][39m [37m<-- POST /wd/hub/session/d8ca7976-c8a1-47c7-af00-4f7a8f739fed/timeouts [39m[32m200[39m [90m3 ms - 14[39m
[35m[HTTP][39m [90m[39m
[35m[HTTP][39m [37m-->[39m [37mGET[39m [37m/wd/hub/session/d8ca7976-c8a1-47c7-af00-4f7a8f739fed/source[39m
[35m[HTTP][39m [90m{}[39m
[35m[W3C (d8ca7976)][39m Driver proxy active, passing request on via HTTP proxy
[35m[WD Proxy][39m Replacing sessionId cffdff0c-c79c-4856-955b-40d7e3a6eda1 with d8ca7976-c8a1-47c7-af00-4f7a8f739fed
[35m[HTTP][39m [37m<-- GET /wd/hub/session/d8ca7976-c8a1-47c7-af00-4f7a8f739fed/source [39m[32m200[39m [90m454 ms - 8679[39m
[35m[HTTP][39m [90m[39m
[35m[HTTP][39m [37m-->[39m [37mGET[39m [37m/wd/hub/session/d8ca7976-c8a1-47c7-af00-4f7a8f739fed/screenshot[39m
[35m[HTTP][39m [90m{}[39m
[35m[HTTP][39m [37m<-- GET /wd/hub/session/d8ca7976-c8a1-47c7-af00-4f7a8f739fed/screenshot [39m[32m200[39m [90m870 ms - 1684184[39m
[35m[HTTP][39m [90m[39m
[35m[HTTP][39m [37m-->[39m [37mPOST[39m [37m/wd/hub/session/d8ca7976-c8a1-47c7-af00-4f7a8f739fed/elements[39m
[35m[HTTP][39m [90m{"using":"xpath","value":"//*[@class = 'android.widget.Button' and (@text = 'Ingresar' or . = 'Ingresar') and @resource-id = 'com.exito.appcompania:id/AppCompatButton_ingresar']"}[39m
[35m[HTTP][39m [37m<-- POST /wd/hub/session/d8ca7976-c8a1-47c7-af00-4f7a8f739fed/elements [39m[32m200[39m [90m490 ms - 139[39m
[35m[HTTP][39m [90m[39m
[35m[HTTP][39m [37m-->[39m [37mGET[39m [37m/wd/hub/session/d8ca7976-c8a1-47c7-af00-4f7a8f739fed/window/rect[39m
[35m[HTTP][39m [90m{}[39m
[35m[HTTP][39m [37m<-- GET /wd/hub/session/d8ca7976-c8a1-47c7-af00-4f7a8f739fed/window/rect [39m[32m200[39m [90m15 ms - 50[39m
[35m[HTTP][39m [90m[39m
[35m[HTTP][39m [37m-->[39m [37mPOST[39m [37m/wd/hub/session/d8ca7976-c8a1-47c7-af00-4f7a8f739fed/elements[39m
[35m[HTTP][39m [90m{"using":"xpath","value":"//*[@class = 'android.widget.Button' and (@text = 'Ingresar' or . = 'Ingresar') and @resource-id = 'com.exito.appcompania:id/AppCompatButton_ingresar']"}[39m
[35m[HTTP][39m [37m<-- POST /wd/hub/session/d8ca7976-c8a1-47c7-af00-4f7a8f739fed/elements [39m[32m200[39m [90m64 ms - 139[39m
[35m[HTTP][39m [90m[39m
[35m[HTTP][39m [37m-->[39m [37mGET[39m [37m/wd/hub/session/d8ca7976-c8a1-47c7-af00-4f7a8f739fed/element/00000000-0000-0068-ffff-ffff0000001a/location[39m
[35m[HTTP][39m [90m{}[39m
[35m[W3C (d8ca7976)][39m Driver proxy active, passing request on via HTTP proxy
[35m[WD Proxy][39m Replacing sessionId cffdff0c-c79c-4856-955b-40d7e3a6eda1 with d8ca7976-c8a1-47c7-af00-4f7a8f739fed
[35m[HTTP][39m [37m<-- GET /wd/hub/session/d8ca7976-c8a1-47c7-af00-4f7a8f739fed/element/00000000-0000-0068-ffff-ffff0000001a/location [39m[32m200[39m [90m14 ms - 78[39m
[35m[HTTP][39m [90m[39m
[35m[HTTP][39m [37m-->[39m [37mPOST[39m [37m/wd/hub/session/d8ca7976-c8a1-47c7-af00-4f7a8f739fed/element/00000000-0000-0068-ffff-ffff0000001a/click[39m
[35m[HTTP][39m [90m{"id":"00000000-0000-0068-ffff-ffff0000001a"}[39m
[35m[HTTP][39m [37m<-- POST /wd/hub/session/d8ca7976-c8a1-47c7-af00-4f7a8f739fed/element/00000000-0000-0068-ffff-ffff0000001a/click [39m[32m200[39m [90m42 ms - 14[39m
[35m[HTTP][39m [90m[39m
[35m[HTTP][39m [37m-->[39m [37mGET[39m [37m/wd/hub/session/d8ca7976-c8a1-47c7-af00-4f7a8f739fed/source[39m
[35m[HTTP][39m [90m{}[39m
[35m[W3C (d8ca7976)][39m Driver proxy active, passing request on via HTTP proxy
[35m[WD Proxy][39m Replacing sessionId cffdff0c-c79c-4856-955b-40d7e3a6eda1 with d8ca7976-c8a1-47c7-af00-4f7a8f739fed
[35m[HTTP][39m [37m<-- GET /wd/hub/session/d8ca7976-c8a1-47c7-af00-4f7a8f739fed/source [39m[32m200[39m [90m242 ms - 15245[39m
[35m[HTTP][39m [90m[39m
[35m[HTTP][39m [37m-->[39m [37mGET[39m [37m/wd/hub/session/d8ca7976-c8a1-47c7-af00-4f7a8f739fed/screenshot[39m
[35m[HTTP][39m [90m{}[39m
[35m[HTTP][39m [37m<-- GET /wd/hub/session/d8ca7976-c8a1-47c7-af00-4f7a8f739fed/screenshot [39m[32m200[39m [90m650 ms - 1442758[39m
[35m[HTTP][39m [90m[39m
[35m[HTTP][39m [37m-->[39m [37mPOST[39m [37m/wd/hub/session/d8ca7976-c8a1-47c7-af00-4f7a8f739fed/elements[39m
[35m[HTTP][39m [90m{"using":"xpath","value":"//*[@class = 'android.widget.EditText' and (@text = 'Correo electrónico' or . = 'Correo electrónico') and @resource-id = 'com.exito.appcompania:id/TextInputEditText_email']"}[39m
[35m[HTTP][39m [37m<-- POST /wd/hub/session/d8ca7976-c8a1-47c7-af00-4f7a8f739fed/elements [39m[32m200[39m [90m95 ms - 139[39m
[35m[HTTP][39m [90m[39m
[35m[HTTP][39m [37m-->[39m [37mGET[39m [37m/wd/hub/session/d8ca7976-c8a1-47c7-af00-4f7a8f739fed/window/rect[39m
[35m[HTTP][39m [90m{}[39m
[35m[HTTP][39m [37m<-- GET /wd/hub/session/d8ca7976-c8a1-47c7-af00-4f7a8f739fed/window/rect [39m[32m200[39m [90m14 ms - 50[39m
[35m[HTTP][39m [90m[39m
[35m[HTTP][39m [37m-->[39m [37mPOST[39m [37m/wd/hub/session/d8ca7976-c8a1-47c7-af00-4f7a8f739fed/elements[39m
[35m[HTTP][39m [90m{"using":"xpath","value":"//*[@class = 'android.widget.EditText' and (@text = 'Correo electrónico' or . = 'Correo electrónico') and @resource-id = 'com.exito.appcompania:id/TextInputEditText_email']"}[39m
[35m[HTTP][39m [37m<-- POST /wd/hub/session/d8ca7976-c8a1-47c7-af00-4f7a8f739fed/elements [39m[32m200[39m [90m62 ms - 139[39m
[35m[HTTP][39m [90m[39m
[35m[HTTP][39m [37m-->[39m [37mGET[39m [37m/wd/hub/session/d8ca7976-c8a1-47c7-af00-4f7a8f739fed/element/00000000-0000-0068-ffff-ffff00000030/location[39m
[35m[HTTP][39m [90m{}[39m
[35m[W3C (d8ca7976)][39m Driver proxy active, passing request on via HTTP proxy
[35m[WD Proxy][39m Replacing sessionId cffdff0c-c79c-4856-955b-40d7e3a6eda1 with d8ca7976-c8a1-47c7-af00-4f7a8f739fed
[35m[HTTP][39m [37m<-- GET /wd/hub/session/d8ca7976-c8a1-47c7-af00-4f7a8f739fed/element/00000000-0000-0068-ffff-ffff00000030/location [39m[32m200[39m [90m16 ms - 77[39m
[35m[HTTP][39m [90m[39m
[35m[HTTP][39m [37m-->[39m [37mPOST[39m [37m/wd/hub/session/d8ca7976-c8a1-47c7-af00-4f7a8f739fed/element/00000000-0000-0068-ffff-ffff00000030/clear[39m
[35m[HTTP][39m [90m{"id":"00000000-0000-0068-ffff-ffff00000030"}[39m
[35m[HTTP][39m [37m<-- POST /wd/hub/session/d8ca7976-c8a1-47c7-af00-4f7a8f739fed/element/00000000-0000-0068-ffff-ffff00000030/clear [39m[32m200[39m [90m26 ms - 14[39m
[35m[HTTP][39m [90m[39m
[35m[HTTP][39m [37m-->[39m [37mPOST[39m [37m/wd/hub/session/d8ca7976-c8a1-47c7-af00-4f7a8f739fed/element/00000000-0000-0068-ffff-ffff00000030/value[39m
[35m[HTTP][39m [90m{"id":"00000000-0000-0068-ffff-ffff00000030","text":"poc.exito.correo1@gmail.com","value":["p","o","c",".","e","x","i","t","o",".","c","o","r","r","e","o","1","@","g","m","a","i","l",".","c","o","m"]}[39m
[35m[HTTP][39m [37m<-- POST /wd/hub/session/d8ca7976-c8a1-47c7-af00-4f7a8f739fed/element/00000000-0000-0068-ffff-ffff00000030/value [39m[32m200[39m [90m1008 ms - 14[39m
[35m[HTTP][39m [90m[39m
[35m[HTTP][39m [37m-->[39m [37mGET[39m [37m/wd/hub/session/d8ca7976-c8a1-47c7-af00-4f7a8f739fed/source[39m
[35m[HTTP][39m [90m{}[39m
[35m[W3C (d8ca7976)][39m Driver proxy active, passing request on via HTTP proxy
[35m[WD Proxy][39m Replacing sessionId cffdff0c-c79c-4856-955b-40d7e3a6eda1 with d8ca7976-c8a1-47c7-af00-4f7a8f739fed
[35m[HTTP][39m [37m<-- GET /wd/hub/session/d8ca7976-c8a1-47c7-af00-4f7a8f739fed/source [39m[32m200[39m [90m58 ms - 15253[39m
[35m[HTTP][39m [90m[39m
[35m[HTTP][39m [37m-->[39m [37mGET[39m [37m/wd/hub/session/d8ca7976-c8a1-47c7-af00-4f7a8f739fed/screenshot[39m
[35m[HTTP][39m [90m{}[39m
[35m[HTTP][39m [37m<-- GET /wd/hub/session/d8ca7976-c8a1-47c7-af00-4f7a8f739fed/screenshot [39m[32m200[39m [90m705 ms - 1451034[39m
[35m[HTTP][39m [90m[39m
[35m[HTTP][39m [37m-->[39m [37mPOST[39m [37m/wd/hub/session/d8ca7976-c8a1-47c7-af00-4f7a8f739fed/elements[39m
[35m[HTTP][39m [90m{"using":"xpath","value":"//*[@class = 'android.widget.EditText' and (@text = 'Contraseña' or . = 'Contraseña')]"}[39m
[35m[HTTP][39m [37m<-- POST /wd/hub/session/d8ca7976-c8a1-47c7-af00-4f7a8f739fed/elements [39m[32m200[39m [90m80 ms - 139[39m
[35m[HTTP][39m [90m[39m
[35m[HTTP][39m [37m-->[39m [37mGET[39m [37m/wd/hub/session/d8ca7976-c8a1-47c7-af00-4f7a8f739fed/window/rect[39m
[35m[HTTP][39m [90m{}[39m
[35m[HTTP][39m [37m<-- GET /wd/hub/session/d8ca7976-c8a1-47c7-af00-4f7a8f739fed/window/rect [39m[32m200[39m [90m17 ms - 50[39m
[35m[HTTP][39m [90m[39m
[35m[HTTP][39m [37m-->[39m [37mPOST[39m [37m/wd/hub/session/d8ca7976-c8a1-47c7-af00-4f7a8f739fed/elements[39m
[35m[HTTP][39m [90m{"using":"xpath","value":"//*[@class = 'android.widget.EditText' and (@text = 'Contraseña' or . = 'Contraseña')]"}[39m
[35m[HTTP][39m [37m<-- POST /wd/hub/session/d8ca7976-c8a1-47c7-af00-4f7a8f739fed/elements [39m[32m200[39m [90m81 ms - 139[39m
[35m[HTTP][39m [90m[39m
[35m[HTTP][39m [37m-->[39m [37mGET[39m [37m/wd/hub/session/d8ca7976-c8a1-47c7-af00-4f7a8f739fed/element/00000000-0000-0068-ffff-ffff0000003e/location[39m
[35m[HTTP][39m [90m{}[39m
[35m[W3C (d8ca7976)][39m Driver proxy active, passing request on via HTTP proxy
[35m[WD Proxy][39m Replacing sessionId cffdff0c-c79c-4856-955b-40d7e3a6eda1 with d8ca7976-c8a1-47c7-af00-4f7a8f739fed
[35m[HTTP][39m [37m<-- GET /wd/hub/session/d8ca7976-c8a1-47c7-af00-4f7a8f739fed/element/00000000-0000-0068-ffff-ffff0000003e/location [39m[32m200[39m [90m28 ms - 77[39m
[35m[HTTP][39m [90m[39m
[35m[HTTP][39m [37m-->[39m [37mPOST[39m [37m/wd/hub/session/d8ca7976-c8a1-47c7-af00-4f7a8f739fed/element/00000000-0000-0068-ffff-ffff0000003e/click[39m
[35m[HTTP][39m [90m{"id":"00000000-0000-0068-ffff-ffff0000003e"}[39m
[35m[HTTP][39m [37m<-- POST /wd/hub/session/d8ca7976-c8a1-47c7-af00-4f7a8f739fed/element/00000000-0000-0068-ffff-ffff0000003e/click [39m[32m200[39m [90m805 ms - 14[39m
[35m[HTTP][39m [90m[39m
[35m[HTTP][39m [37m-->[39m [37mGET[39m [37m/wd/hub/session/d8ca7976-c8a1-47c7-af00-4f7a8f739fed/source[39m
[35m[HTTP][39m [90m{}[39m
[35m[W3C (d8ca7976)][39m Driver proxy active, passing request on via HTTP proxy
[35m[WD Proxy][39m Replacing sessionId cffdff0c-c79c-4856-955b-40d7e3a6eda1 with d8ca7976-c8a1-47c7-af00-4f7a8f739fed
[35m[HTTP][39m [37m<-- GET /wd/hub/session/d8ca7976-c8a1-47c7-af00-4f7a8f739fed/source [39m[32m200[39m [90m76 ms - 14252[39m
[35m[HTTP][39m [90m[39m
[35m[HTTP][39m [37m-->[39m [37mGET[39m [37m/wd/hub/session/d8ca7976-c8a1-47c7-af00-4f7a8f739fed/screenshot[39m
[35m[HTTP][39m [90m{}[39m
[35m[HTTP][39m [37m<-- GET /wd/hub/session/d8ca7976-c8a1-47c7-af00-4f7a8f739fed/screenshot [39m[32m200[39m [90m553 ms - 1047180[39m
[35m[HTTP][39m [90m[39m
[35m[HTTP][39m [37m-->[39m [37mPOST[39m [37m/wd/hub/session/d8ca7976-c8a1-47c7-af00-4f7a8f739fed/elements[39m
[35m[HTTP][39m [90m{"using":"xpath","value":"//*[@class = 'android.widget.EditText' and (@text = 'Contraseña' or . = 'Contraseña')]"}[39m
[35m[HTTP][39m [37m<-- POST /wd/hub/session/d8ca7976-c8a1-47c7-af00-4f7a8f739fed/elements [39m[32m200[39m [90m71 ms - 139[39m
[35m[HTTP][39m [90m[39m
[35m[HTTP][39m [37m-->[39m [37mGET[39m [37m/wd/hub/session/d8ca7976-c8a1-47c7-af00-4f7a8f739fed/window/rect[39m
[35m[HTTP][39m [90m{}[39m
[35m[HTTP][39m [37m<-- GET /wd/hub/session/d8ca7976-c8a1-47c7-af00-4f7a8f739fed/window/rect [39m[32m200[39m [90m7 ms - 50[39m
[35m[HTTP][39m [90m[39m
[35m[HTTP][39m [37m-->[39m [37mPOST[39m [37m/wd/hub/session/d8ca7976-c8a1-47c7-af00-4f7a8f739fed/elements[39m
[35m[HTTP][39m [90m{"using":"xpath","value":"//*[@class = 'android.widget.EditText' and (@text = 'Contraseña' or . = 'Contraseña')]"}[39m
[35m[HTTP][39m [37m<-- POST /wd/hub/session/d8ca7976-c8a1-47c7-af00-4f7a8f739fed/elements [39m[32m200[39m [90m74 ms - 139[39m
[35m[HTTP][39m [90m[39m
[35m[HTTP][39m [37m-->[39m [37mGET[39m [37m/wd/hub/session/d8ca7976-c8a1-47c7-af00-4f7a8f739fed/element/00000000-0000-0068-ffff-ffff0000003e/location[39m
[35m[HTTP][39m [90m{}[39m
[35m[W3C (d8ca7976)][39m Driver proxy active, passing request on via HTTP proxy
[35m[WD Proxy][39m Replacing sessionId cffdff0c-c79c-4856-955b-40d7e3a6eda1 with d8ca7976-c8a1-47c7-af00-4f7a8f739fed
[35m[HTTP][39m [37m<-- GET /wd/hub/session/d8ca7976-c8a1-47c7-af00-4f7a8f739fed/element/00000000-0000-0068-ffff-ffff0000003e/location [39m[32m200[39m [90m19 ms - 77[39m
[35m[HTTP][39m [90m[39m
[35m[HTTP][39m [37m-->[39m [37mPOST[39m [37m/wd/hub/session/d8ca7976-c8a1-47c7-af00-4f7a8f739fed/element/00000000-0000-0068-ffff-ffff0000003e/clear[39m
[35m[HTTP][39m [90m{"id":"00000000-0000-0068-ffff-ffff0000003e"}[39m
[35m[HTTP][39m [37m<-- POST /wd/hub/session/d8ca7976-c8a1-47c7-af00-4f7a8f739fed/element/00000000-0000-0068-ffff-ffff0000003e/clear [39m[32m200[39m [90m30 ms - 14[39m
[35m[HTTP][39m [90m[39m
[35m[HTTP][39m [37m-->[39m [37mPOST[39m [37m/wd/hub/session/d8ca7976-c8a1-47c7-af00-4f7a8f739fed/element/00000000-0000-0068-ffff-ffff0000003e/value[39m
[35m[HTTP][39m [90m{"id":"00000000-0000-0068-ffff-ffff0000003e","text":"G2peMoDanx3TSd","value":["G","2","p","e","M","o","D","a","n","x","3","T","S","d"]}[39m
[35m[HTTP][39m [37m<-- POST /wd/hub/session/d8ca7976-c8a1-47c7-af00-4f7a8f739fed/element/00000000-0000-0068-ffff-ffff0000003e/value [39m[32m200[39m [90m1048 ms - 14[39m
[35m[HTTP][39m [90m[39m
[35m[HTTP][39m [37m-->[39m [37mGET[39m [37m/wd/hub/session/d8ca7976-c8a1-47c7-af00-4f7a8f739fed/source[39m
[35m[HTTP][39m [90m{}[39m
[35m[W3C (d8ca7976)][39m Driver proxy active, passing request on via HTTP proxy
[35m[WD Proxy][39m Replacing sessionId cffdff0c-c79c-4856-955b-40d7e3a6eda1 with d8ca7976-c8a1-47c7-af00-4f7a8f739fed
[35m[HTTP][39m [37m<-- GET /wd/hub/session/d8ca7976-c8a1-47c7-af00-4f7a8f739fed/source [39m[32m200[39m [90m106 ms - 14254[39m
[35m[HTTP][39m [90m[39m
[35m[HTTP][39m [37m-->[39m [37mGET[39m [37m/wd/hub/session/d8ca7976-c8a1-47c7-af00-4f7a8f739fed/screenshot[39m
[35m[HTTP][39m [90m{}[39m
[35m[HTTP][39m [37m<-- GET /wd/hub/session/d8ca7976-c8a1-47c7-af00-4f7a8f739fed/screenshot [39m[32m200[39m [90m540 ms - 989148[39m
[35m[HTTP][39m [90m[39m
[35m[HTTP][39m [37m-->[39m [37mGET[39m [37m/wd/hub/session/d8ca7976-c8a1-47c7-af00-4f7a8f739fed/context[39m
[35m[HTTP][39m [90m{}[39m
[35m[HTTP][39m [37m<-- GET /wd/hub/session/d8ca7976-c8a1-47c7-af00-4f7a8f739fed/context [39m[32m200[39m [90m1 ms - 22[39m
[35m[HTTP][39m [90m[39m
[35m[HTTP][39m [37m-->[39m [37mGET[39m [37m/wd/hub/session/d8ca7976-c8a1-47c7-af00-4f7a8f739fed/contexts[39m
[35m[HTTP][39m [90m{}[39m
[35m[HTTP][39m [37m<-- GET /wd/hub/session/d8ca7976-c8a1-47c7-af00-4f7a8f739fed/contexts [39m[32m200[39m [90m61 ms - 24[39m
[35m[HTTP][39m [90m[39m
[35m[HTTP][39m [37m-->[39m [37mPOST[39m [37m/wd/hub/session/d8ca7976-c8a1-47c7-af00-4f7a8f739fed/context[39m
[35m[HTTP][39m [90m{"name":"NATIVE_APP"}[39m
[35m[HTTP][39m [37m<-- POST /wd/hub/session/d8ca7976-c8a1-47c7-af00-4f7a8f739fed/context [39m[32m200[39m [90m1 ms - 14[39m
[35m[HTTP][39m [90m[39m
[35m[HTTP][39m [37m-->[39m [37mPOST[39m [37m/wd/hub/session/d8ca7976-c8a1-47c7-af00-4f7a8f739fed/appium/device/hide_keyboard[39m
[35m[HTTP][39m [90m{}[39m
[35m[HTTP][39m [37m<-- POST /wd/hub/session/d8ca7976-c8a1-47c7-af00-4f7a8f739fed/appium/device/hide_keyboard [39m[32m200[39m [90m2479 ms - 14[39m
[35m[HTTP][39m [90m[39m
[35m[HTTP][39m [37m-->[39m [37mPOST[39m [37m/wd/hub/session/d8ca7976-c8a1-47c7-af00-4f7a8f739fed/context[39m
[35m[HTTP][39m [90m{"name":"NATIVE_APP"}[39m
[35m[HTTP][39m [37m<-- POST /wd/hub/session/d8ca7976-c8a1-47c7-af00-4f7a8f739fed/context [39m[32m200[39m [90m1 ms - 14[39m
[35m[HTTP][39m [90m[39m
[35m[HTTP][39m [37m-->[39m [37mGET[39m [37m/wd/hub/session/d8ca7976-c8a1-47c7-af00-4f7a8f739fed/source[39m
[35m[HTTP][39m [90m{}[39m
[35m[W3C (d8ca7976)][39m Driver proxy active, passing request on via HTTP proxy
[35m[WD Proxy][39m Replacing sessionId cffdff0c-c79c-4856-955b-40d7e3a6eda1 with d8ca7976-c8a1-47c7-af00-4f7a8f739fed
[35m[HTTP][39m [37m<-- GET /wd/hub/session/d8ca7976-c8a1-47c7-af00-4f7a8f739fed/source [39m[32m200[39m [90m68 ms - 15254[39m
[35m[HTTP][39m [90m[39m
[35m[HTTP][39m [37m-->[39m [37mGET[39m [37m/wd/hub/session/d8ca7976-c8a1-47c7-af00-4f7a8f739fed/screenshot[39m
[35m[HTTP][39m [90m{}[39m
[35m[HTTP][39m [37m<-- GET /wd/hub/session/d8ca7976-c8a1-47c7-af00-4f7a8f739fed/screenshot [39m[32m200[39m [90m668 ms - 1353214[39m
[35m[HTTP][39m [90m[39m
[35m[HTTP][39m [37m-->[39m [37mPOST[39m [37m/wd/hub/session/d8ca7976-c8a1-47c7-af00-4f7a8f739fed/elements[39m
[35m[HTTP][39m [90m{"using":"xpath","value":"//*[@class = 'android.widget.Button' and (@text = 'Ingresar' or . = 'Ingresar') and @resource-id = 'com.exito.appcompania:id/AppCompatButton_ingresar']"}[39m
[35m[HTTP][39m [37m<-- POST /wd/hub/session/d8ca7976-c8a1-47c7-af00-4f7a8f739fed/elements [39m[32m200[39m [90m59 ms - 139[39m
[35m[HTTP][39m [90m[39m
[35m[HTTP][39m [37m-->[39m [37mGET[39m [37m/wd/hub/session/d8ca7976-c8a1-47c7-af00-4f7a8f739fed/window/rect[39m
[35m[HTTP][39m [90m{}[39m
[35m[HTTP][39m [37m<-- GET /wd/hub/session/d8ca7976-c8a1-47c7-af00-4f7a8f739fed/window/rect [39m[32m200[39m [90m10 ms - 50[39m
[35m[HTTP][39m [90m[39m
[35m[HTTP][39m [37m-->[39m [37mPOST[39m [37m/wd/hub/session/d8ca7976-c8a1-47c7-af00-4f7a8f739fed/elements[39m
[35m[HTTP][39m [90m{"using":"xpath","value":"//*[@class = 'android.widget.Button' and (@text = 'Ingresar' or . = 'Ingresar') and @resource-id = 'com.exito.appcompania:id/AppCompatButton_ingresar']"}[39m
[35m[HTTP][39m [37m<-- POST /wd/hub/session/d8ca7976-c8a1-47c7-af00-4f7a8f739fed/elements [39m[32m200[39m [90m88 ms - 139[39m
[35m[HTTP][39m [90m[39m
[35m[HTTP][39m [37m-->[39m [37mGET[39m [37m/wd/hub/session/d8ca7976-c8a1-47c7-af00-4f7a8f739fed/element/00000000-0000-0068-ffff-ffff0000004a/location[39m
[35m[HTTP][39m [90m{}[39m
[35m[W3C (d8ca7976)][39m Driver proxy active, passing request on via HTTP proxy
[35m[WD Proxy][39m Replacing sessionId cffdff0c-c79c-4856-955b-40d7e3a6eda1 with d8ca7976-c8a1-47c7-af00-4f7a8f739fed
[35m[HTTP][39m [37m<-- GET /wd/hub/session/d8ca7976-c8a1-47c7-af00-4f7a8f739fed/element/00000000-0000-0068-ffff-ffff0000004a/location [39m[32m200[39m [90m19 ms - 78[39m
[35m[HTTP][39m [90m[39m
[35m[HTTP][39m [37m-->[39m [37mPOST[39m [37m/wd/hub/session/d8ca7976-c8a1-47c7-af00-4f7a8f739fed/element/00000000-0000-0068-ffff-ffff0000004a/click[39m
[35m[HTTP][39m [90m{"id":"00000000-0000-0068-ffff-ffff0000004a"}[39m
[35m[HTTP][39m [37m<-- POST /wd/hub/session/d8ca7976-c8a1-47c7-af00-4f7a8f739fed/element/00000000-0000-0068-ffff-ffff0000004a/click [39m[32m200[39m [90m45 ms - 14[39m
[35m[HTTP][39m [90m[39m
[35m[HTTP][39m [37m-->[39m [37mGET[39m [37m/wd/hub/session/d8ca7976-c8a1-47c7-af00-4f7a8f739fed/source[39m
[35m[HTTP][39m [90m{}[39m
[35m[W3C (d8ca7976)][39m Driver proxy active, passing request on via HTTP proxy
[35m[WD Proxy][39m Replacing sessionId cffdff0c-c79c-4856-955b-40d7e3a6eda1 with d8ca7976-c8a1-47c7-af00-4f7a8f739fed
[35m[HTTP][39m [37m<-- GET /wd/hub/session/d8ca7976-c8a1-47c7-af00-4f7a8f739fed/source [39m[32m200[39m [90m50 ms - 4813[39m
[35m[HTTP][39m [90m[39m
[35m[HTTP][39m [37m-->[39m [37mGET[39m [37m/wd/hub/session/d8ca7976-c8a1-47c7-af00-4f7a8f739fed/screenshot[39m
[35m[HTTP][39m [90m{}[39m
[35m[HTTP][39m [37m<-- GET /wd/hub/session/d8ca7976-c8a1-47c7-af00-4f7a8f739fed/screenshot [39m[32m200[39m [90m756 ms - 1147758[39m
[35m[HTTP][39m [90m[39m
[35m[HTTP][39m [37m-->[39m [37mGET[39m [37m/wd/hub/session/d8ca7976-c8a1-47c7-af00-4f7a8f739fed/source[39m
[35m[HTTP][39m [90m{}[39m
[35m[W3C (d8ca7976)][39m Driver proxy active, passing request on via HTTP proxy
[35m[WD Proxy][39m Replacing sessionId cffdff0c-c79c-4856-955b-40d7e3a6eda1 with d8ca7976-c8a1-47c7-af00-4f7a8f739fed
[35m[HTTP][39m [37m<-- GET /wd/hub/session/d8ca7976-c8a1-47c7-af00-4f7a8f739fed/source [39m[32m200[39m [90m205 ms - 60177[39m
[35m[HTTP][39m [90m[39m
[35m[HTTP][39m [37m-->[39m [37mGET[39m [37m/wd/hub/session/d8ca7976-c8a1-47c7-af00-4f7a8f739fed/screenshot[39m
[35m[HTTP][39m [90m{}[39m
[35m[HTTP][39m [37m<-- GET /wd/hub/session/d8ca7976-c8a1-47c7-af00-4f7a8f739fed/screenshot [39m[32m200[39m [90m446 ms - 1400810[39m
[35m[HTTP][39m [90m[39m
[35m[HTTP][39m [37m-->[39m [37mPOST[39m [37m/wd/hub/session/d8ca7976-c8a1-47c7-af00-4f7a8f739fed/elements[39m
[35m[HTTP][39m [90m{"using":"xpath","value":"//*[@class = 'android.widget.TextView' and (@text = '¿Cómo quieres recibir tu pedido?' or . = '¿Cómo quieres recibir tu pedido?') and @resource-id = 'com.exito.appcompania:id/appCompaTextView_address']"}[39m
[35m[HTTP][39m [37m<-- POST /wd/hub/session/d8ca7976-c8a1-47c7-af00-4f7a8f739fed/elements [39m[32m200[39m [90m206 ms - 139[39m
[35m[HTTP][39m [90m[39m
[35m[HTTP][39m [37m-->[39m [37mGET[39m [37m/wd/hub/session/d8ca7976-c8a1-47c7-af00-4f7a8f739fed/window/rect[39m
[35m[HTTP][39m [90m{}[39m
[35m[HTTP][39m [37m<-- GET /wd/hub/session/d8ca7976-c8a1-47c7-af00-4f7a8f739fed/window/rect [39m[32m200[39m [90m15 ms - 50[39m
[35m[HTTP][39m [90m[39m
[35m[HTTP][39m [37m-->[39m [37mPOST[39m [37m/wd/hub/session/d8ca7976-c8a1-47c7-af00-4f7a8f739fed/elements[39m
[35m[HTTP][39m [90m{"using":"xpath","value":"//*[@class = 'android.widget.TextView' and (@text = '¿Cómo quieres recibir tu pedido?' or . = '¿Cómo quieres recibir tu pedido?') and @resource-id = 'com.exito.appcompania:id/appCompaTextView_address']"}[39m
[35m[HTTP][39m [37m<-- POST /wd/hub/session/d8ca7976-c8a1-47c7-af00-4f7a8f739fed/elements [39m[32m200[39m [90m167 ms - 139[39m
[35m[HTTP][39m [90m[39m
[35m[HTTP][39m [37m-->[39m [37mGET[39m [37m/wd/hub/session/d8ca7976-c8a1-47c7-af00-4f7a8f739fed/element/00000000-0000-006a-ffff-ffff000000af/location[39m
[35m[HTTP][39m [90m{}[39m
[35m[W3C (d8ca7976)][39m Driver proxy active, passing request on via HTTP proxy
[35m[WD Proxy][39m Replacing sessionId cffdff0c-c79c-4856-955b-40d7e3a6eda1 with d8ca7976-c8a1-47c7-af00-4f7a8f739fed
[35m[HTTP][39m [37m<-- GET /wd/hub/session/d8ca7976-c8a1-47c7-af00-4f7a8f739fed/element/00000000-0000-006a-ffff-ffff000000af/location [39m[32m200[39m [90m12 ms - 77[39m
[35m[HTTP][39m [90m[39m
[35m[HTTP][39m [37m-->[39m [37mPOST[39m [37m/wd/hub/session/d8ca7976-c8a1-47c7-af00-4f7a8f739fed/element/00000000-0000-006a-ffff-ffff000000af/click[39m
[35m[HTTP][39m [90m{"id":"00000000-0000-006a-ffff-ffff000000af"}[39m
[35m[HTTP][39m [37m<-- POST /wd/hub/session/d8ca7976-c8a1-47c7-af00-4f7a8f739fed/element/00000000-0000-006a-ffff-ffff000000af/click [39m[32m200[39m [90m45 ms - 14[39m
[35m[HTTP][39m [90m[39m
[35m[HTTP][39m [37m-->[39m [37mGET[39m [37m/wd/hub/session/d8ca7976-c8a1-47c7-af00-4f7a8f739fed/source[39m
[35m[HTTP][39m [90m{}[39m
[35m[W3C (d8ca7976)][39m Driver proxy active, passing request on via HTTP proxy
[35m[WD Proxy][39m Replacing sessionId cffdff0c-c79c-4856-955b-40d7e3a6eda1 with d8ca7976-c8a1-47c7-af00-4f7a8f739fed
[35m[HTTP][39m [37m<-- GET /wd/hub/session/d8ca7976-c8a1-47c7-af00-4f7a8f739fed/source [39m[32m200[39m [90m189 ms - 13381[39m
[35m[HTTP][39m [90m[39m
[35m[HTTP][39m [37m-->[39m [37mGET[39m [37m/wd/hub/session/d8ca7976-c8a1-47c7-af00-4f7a8f739fed/screenshot[39m
[35m[HTTP][39m [90m{}[39m
[35m[HTTP][39m [37m<-- GET /wd/hub/session/d8ca7976-c8a1-47c7-af00-4f7a8f739fed/screenshot [39m[32m200[39m [90m476 ms - 987796[39m
[35m[HTTP][39m [90m[39m
[35m[HTTP][39m [37m-->[39m [37mPOST[39m [37m/wd/hub/session/d8ca7976-c8a1-47c7-af00-4f7a8f739fed/elements[39m
[35m[HTTP][39m [90m{"using":"xpath","value":"//*[@class = 'android.view.ViewGroup' and (@text = '' or . = '')]"}[39m
[35m[HTTP][39m [37m<-- POST /wd/hub/session/d8ca7976-c8a1-47c7-af00-4f7a8f739fed/elements [39m[32m200[39m [90m34 ms - 907[39m
[35m[HTTP][39m [90m[39m
[35m[HTTP][39m [37m-->[39m [37mPOST[39m [37m/wd/hub/session/d8ca7976-c8a1-47c7-af00-4f7a8f739fed/elements[39m
[35m[HTTP][39m [90m{"using":"-android uiautomator","value":"new UiSelector().className(\"android.view.ViewGroup\")"}[39m
[35m[HTTP][39m [37m<-- POST /wd/hub/session/d8ca7976-c8a1-47c7-af00-4f7a8f739fed/elements [39m[32m200[39m [90m63 ms - 907[39m
[35m[HTTP][39m [90m[39m
[35m[HTTP][39m [37m-->[39m [37mGET[39m [37m/wd/hub/session/d8ca7976-c8a1-47c7-af00-4f7a8f739fed/window/rect[39m
[35m[HTTP][39m [90m{}[39m
[35m[HTTP][39m [37m<-- GET /wd/hub/session/d8ca7976-c8a1-47c7-af00-4f7a8f739fed/window/rect [39m[32m200[39m [90m10 ms - 50[39m
[35m[HTTP][39m [90m[39m
[35m[HTTP][39m [37m-->[39m [37mPOST[39m [37m/wd/hub/session/d8ca7976-c8a1-47c7-af00-4f7a8f739fed/elements[39m
[35m[HTTP][39m [90m{"using":"xpath","value":"//hierarchy/android.widget.FrameLayout[1]/android.widget.LinearLayout[1]/android.widget.FrameLayout[1]/android.widget.FrameLayout[1]/android.widget.FrameLayout[1]/android.widget.FrameLayout[1]/android.view.ViewGroup[1]/android.widget.FrameLayout[1]/android.view.ViewGroup[1]/android.widget.FrameLayout[1]/android.view.ViewGroup[1]/android.widget.ScrollView[1]/androidx.appcompat.widget.LinearLayoutCompat[1]/android.widget.FrameLayout[1]/androidx.appcompat.widget.LinearLayoutCompat[1]/android.view.ViewGroup[1]/android.view.ViewGroup[1]"}[39m
[35m[HTTP][39m [37m<-- POST /wd/hub/session/d8ca7976-c8a1-47c7-af00-4f7a8f739fed/elements [39m[32m200[39m [90m60027 ms - 12[39m
[35m[HTTP][39m [90m[39m
[35m[HTTP][39m [37m-->[39m [37mPOST[39m [37m/wd/hub/session/d8ca7976-c8a1-47c7-af00-4f7a8f739fed/elements[39m
[35m[HTTP][39m [90m{"using":"xpath","value":"//*[@class = 'android.view.ViewGroup' and (@text = '' or . = '')]"}[39m
[35m[HTTP][39m [37m<-- POST /wd/hub/session/d8ca7976-c8a1-47c7-af00-4f7a8f739fed/elements [39m[32m200[39m [90m31 ms - 907[39m
[35m[HTTP][39m [90m[39m
[35m[HTTP][39m [37m-->[39m [37mPOST[39m [37m/wd/hub/session/d8ca7976-c8a1-47c7-af00-4f7a8f739fed/elements[39m
[35m[HTTP][39m [90m{"using":"-android uiautomator","value":"new UiSelector().className(\"android.view.ViewGroup\")"}[39m
[35m[HTTP][39m [37m<-- POST /wd/hub/session/d8ca7976-c8a1-47c7-af00-4f7a8f739fed/elements [39m[32m200[39m [90m57 ms - 907[39m
[35m[HTTP][39m [90m[39m
[35m[HTTP][39m [37m-->[39m [37mGET[39m [37m/wd/hub/session/d8ca7976-c8a1-47c7-af00-4f7a8f739fed/window/rect[39m
[35m[HTTP][39m [90m{}[39m
[35m[HTTP][39m [37m<-- GET /wd/hub/session/d8ca7976-c8a1-47c7-af00-4f7a8f739fed/window/rect [39m[32m200[39m [90m7 ms - 50[39m
[35m[HTTP][39m [90m[39m
[35m[HTTP][39m [37m-->[39m [37mPOST[39m [37m/wd/hub/session/d8ca7976-c8a1-47c7-af00-4f7a8f739fed/elements[39m
[35m[HTTP][39m [90m{"using":"xpath","value":"//hierarchy/android.widget.FrameLayout[1]/android.widget.LinearLayout[1]/android.widget.FrameLayout[1]/android.widget.FrameLayout[1]/android.widget.FrameLayout[1]/android.widget.FrameLayout[1]/android.view.ViewGroup[1]/android.widget.FrameLayout[1]/android.view.ViewGroup[1]/android.widget.FrameLayout[1]/android.view.ViewGroup[1]/android.widget.ScrollView[1]/androidx.appcompat.widget.LinearLayoutCompat[1]/android.widget.FrameLayout[1]/androidx.appcompat.widget.LinearLayoutCompat[1]/android.view.ViewGroup[1]"}[39m
[35m[HTTP][39m [37m<-- POST /wd/hub/session/d8ca7976-c8a1-47c7-af00-4f7a8f739fed/elements [39m[32m200[39m [90m60036 ms - 12[39m
[35m[HTTP][39m [90m[39m
[35m[HTTP][39m [37m-->[39m [37mGET[39m [37m/wd/hub/session/d8ca7976-c8a1-47c7-af00-4f7a8f739fed/source[39m
[35m[HTTP][39m [90m{}[39m
[35m[W3C (d8ca7976)][39m Driver proxy active, passing request on via HTTP proxy
[35m[WD Proxy][39m Replacing sessionId cffdff0c-c79c-4856-955b-40d7e3a6eda1 with d8ca7976-c8a1-47c7-af00-4f7a8f739fed
[35m[HTTP][39m [37m<-- GET /wd/hub/session/d8ca7976-c8a1-47c7-af00-4f7a8f739fed/source [39m[32m200[39m [90m119 ms - 60177[39m
[35m[HTTP][39m [90m[39m
[35m[HTTP][39m [37m-->[39m [37mGET[39m [37m/wd/hub/session/d8ca7976-c8a1-47c7-af00-4f7a8f739fed/screenshot[39m
[35m[HTTP][39m [90m{}[39m
[35m[HTTP][39m [37m<-- GET /wd/hub/session/d8ca7976-c8a1-47c7-af00-4f7a8f739fed/screenshot [39m[32m200[39m [90m478 ms - 1371114[39m
[35m[HTTP][39m [90m[39m
[35m[HTTP][39m [37m-->[39m [37mPOST[39m [37m/wd/hub/session/d8ca7976-c8a1-47c7-af00-4f7a8f739fed/elements[39m
[35m[HTTP][39m [90m{"using":"xpath","value":"//*[@class = 'android.widget.TextView' and (@text = '¿Cómo quieres recibir tu pedido?' or . = '¿Cómo quieres recibir tu pedido?') and @resource-id = 'com.exito.appcompania:id/appCompaTextView_address']"}[39m
[35m[HTTP][39m [37m<-- POST /wd/hub/session/d8ca7976-c8a1-47c7-af00-4f7a8f739fed/elements [39m[32m200[39m [90m144 ms - 139[39m
[35m[HTTP][39m [90m[39m
[35m[HTTP][39m [37m-->[39m [37mGET[39m [37m/wd/hub/session/d8ca7976-c8a1-47c7-af00-4f7a8f739fed/window/rect[39m
[35m[HTTP][39m [90m{}[39m
[35m[HTTP][39m [37m<-- GET /wd/hub/session/d8ca7976-c8a1-47c7-af00-4f7a8f739fed/window/rect [39m[32m200[39m [90m9 ms - 50[39m
[35m[HTTP][39m [90m[39m
[35m[HTTP][39m [37m-->[39m [37mPOST[39m [37m/wd/hub/session/d8ca7976-c8a1-47c7-af00-4f7a8f739fed/elements[39m
[35m[HTTP][39m [90m{"using":"xpath","value":"//*[@class = 'android.widget.TextView' and (@text = '¿Cómo quieres recibir tu pedido?' or . = '¿Cómo quieres recibir tu pedido?') and @resource-id = 'com.exito.appcompania:id/appCompaTextView_address']"}[39m
[35m[HTTP][39m [37m<-- POST /wd/hub/session/d8ca7976-c8a1-47c7-af00-4f7a8f739fed/elements [39m[32m200[39m [90m132 ms - 139[39m
[35m[HTTP][39m [90m[39m
[35m[HTTP][39m [37m-->[39m [37mGET[39m [37m/wd/hub/session/d8ca7976-c8a1-47c7-af00-4f7a8f739fed/element/00000000-0000-006a-ffff-ffff000000af/location[39m
[35m[HTTP][39m [90m{}[39m
[35m[W3C (d8ca7976)][39m Driver proxy active, passing request on via HTTP proxy
[35m[WD Proxy][39m Replacing sessionId cffdff0c-c79c-4856-955b-40d7e3a6eda1 with d8ca7976-c8a1-47c7-af00-4f7a8f739fed
[35m[HTTP][39m [37m<-- GET /wd/hub/session/d8ca7976-c8a1-47c7-af00-4f7a8f739fed/element/00000000-0000-006a-ffff-ffff000000af/location [39m[32m200[39m [90m695 ms - 77[39m
[35m[HTTP][39m [90m[39m
[35m[HTTP][39m [37m-->[39m [37mPOST[39m [37m/wd/hub/session/d8ca7976-c8a1-47c7-af00-4f7a8f739fed/element/00000000-0000-006a-ffff-ffff000000af/click[39m
[35m[HTTP][39m [90m{"id":"00000000-0000-006a-ffff-ffff000000af"}[39m
[35m[HTTP][39m [37m<-- POST /wd/hub/session/d8ca7976-c8a1-47c7-af00-4f7a8f739fed/element/00000000-0000-006a-ffff-ffff000000af/click [39m[32m200[39m [90m41 ms - 14[39m
[35m[HTTP][39m [90m[39m
[35m[HTTP][39m [37m-->[39m [37mGET[39m [37m/wd/hub/session/d8ca7976-c8a1-47c7-af00-4f7a8f739fed/source[39m
[35m[HTTP][39m [90m{}[39m
[35m[W3C (d8ca7976)][39m Driver proxy active, passing request on via HTTP proxy
[35m[WD Proxy][39m Replacing sessionId cffdff0c-c79c-4856-955b-40d7e3a6eda1 with d8ca7976-c8a1-47c7-af00-4f7a8f739fed
[35m[HTTP][39m [37m<-- GET /wd/hub/session/d8ca7976-c8a1-47c7-af00-4f7a8f739fed/source [39m[32m200[39m [90m182 ms - 13544[39m
[35m[HTTP][39m [90m[39m
[35m[HTTP][39m [37m-->[39m [37mGET[39m [37m/wd/hub/session/d8ca7976-c8a1-47c7-af00-4f7a8f739fed/screenshot[39m
[35m[HTTP][39m [90m{}[39m
[35m[HTTP][39m [37m<-- GET /wd/hub/session/d8ca7976-c8a1-47c7-af00-4f7a8f739fed/screenshot [39m[32m200[39m [90m378 ms - 817514[39m
[35m[HTTP][39m [90m[39m
[35m[HTTP][39m [37m-->[39m [37mGET[39m [37m/wd/hub/session/d8ca7976-c8a1-47c7-af00-4f7a8f739fed/source[39m
[35m[HTTP][39m [90m{}[39m
[35m[W3C (d8ca7976)][39m Driver proxy active, passing request on via HTTP proxy
[35m[WD Proxy][39m Replacing sessionId cffdff0c-c79c-4856-955b-40d7e3a6eda1 with d8ca7976-c8a1-47c7-af00-4f7a8f739fed
[35m[HTTP][39m [37m<-- GET /wd/hub/session/d8ca7976-c8a1-47c7-af00-4f7a8f739fed/source [39m[32m200[39m [90m66 ms - 13544[39m
[35m[HTTP][39m [90m[39m
[35m[HTTP][39m [37m-->[39m [37mGET[39m [37m/wd/hub/session/d8ca7976-c8a1-47c7-af00-4f7a8f739fed/screenshot[39m
[35m[HTTP][39m [90m{}[39m
[35m[HTTP][39m [37m<-- GET /wd/hub/session/d8ca7976-c8a1-47c7-af00-4f7a8f739fed/screenshot [39m[32m200[39m [90m457 ms - 886800[39m
[35m[HTTP][39m [90m[39m
[35m[HTTP][39m [37m-->[39m [37mPOST[39m [37m/wd/hub/session/d8ca7976-c8a1-47c7-af00-4f7a8f739fed/elements[39m
[35m[HTTP][39m [90m{"using":"xpath","value":"//*[@class = 'android.widget.TextView' and (@text = 'Envío a domicilio' or . = 'Envío a domicilio') and @resource-id = 'com.exito.appcompania:id/appCompatTextView_item_title']"}[39m
[35m[HTTP][39m [37m<-- POST /wd/hub/session/d8ca7976-c8a1-47c7-af00-4f7a8f739fed/elements [39m[32m200[39m [90m22 ms - 139[39m
[35m[HTTP][39m [90m[39m
[35m[HTTP][39m [37m-->[39m [37mGET[39m [37m/wd/hub/session/d8ca7976-c8a1-47c7-af00-4f7a8f739fed/window/rect[39m
[35m[HTTP][39m [90m{}[39m
[35m[HTTP][39m [37m<-- GET /wd/hub/session/d8ca7976-c8a1-47c7-af00-4f7a8f739fed/window/rect [39m[32m200[39m [90m12 ms - 50[39m
[35m[HTTP][39m [90m[39m
[35m[HTTP][39m [37m-->[39m [37mPOST[39m [37m/wd/hub/session/d8ca7976-c8a1-47c7-af00-4f7a8f739fed/elements[39m
[35m[HTTP][39m [90m{"using":"xpath","value":"//*[@class = 'android.widget.TextView' and (@text = 'Envío a domicilio' or . = 'Envío a domicilio') and @resource-id = 'com.exito.appcompania:id/appCompatTextView_item_title']"}[39m
[35m[HTTP][39m [37m<-- POST /wd/hub/session/d8ca7976-c8a1-47c7-af00-4f7a8f739fed/elements [39m[32m200[39m [90m46 ms - 139[39m
[35m[HTTP][39m [90m[39m
[35m[HTTP][39m [37m-->[39m [37mGET[39m [37m/wd/hub/session/d8ca7976-c8a1-47c7-af00-4f7a8f739fed/element/00000000-0000-006d-ffff-ffff00000276/location[39m
[35m[HTTP][39m [90m{}[39m
[35m[W3C (d8ca7976)][39m Driver proxy active, passing request on via HTTP proxy
[35m[WD Proxy][39m Replacing sessionId cffdff0c-c79c-4856-955b-40d7e3a6eda1 with d8ca7976-c8a1-47c7-af00-4f7a8f739fed
[35m[HTTP][39m [37m<-- GET /wd/hub/session/d8ca7976-c8a1-47c7-af00-4f7a8f739fed/element/00000000-0000-006d-ffff-ffff00000276/location [39m[32m200[39m [90m17 ms - 79[39m
[35m[HTTP][39m [90m[39m
[35m[HTTP][39m [37m-->[39m [37mPOST[39m [37m/wd/hub/session/d8ca7976-c8a1-47c7-af00-4f7a8f739fed/element/00000000-0000-006d-ffff-ffff00000276/click[39m
[35m[HTTP][39m [90m{"id":"00000000-0000-006d-ffff-ffff00000276"}[39m
[35m[HTTP][39m [37m<-- POST /wd/hub/session/d8ca7976-c8a1-47c7-af00-4f7a8f739fed/element/00000000-0000-006d-ffff-ffff00000276/click [39m[32m200[39m [90m1582 ms - 14[39m
[35m[HTTP][39m [90m[39m
[35m[HTTP][39m [37m-->[39m [37mGET[39m [37m/wd/hub/session/d8ca7976-c8a1-47c7-af00-4f7a8f739fed/source[39m
[35m[HTTP][39m [90m{}[39m
[35m[W3C (d8ca7976)][39m Driver proxy active, passing request on via HTTP proxy
[35m[WD Proxy][39m Replacing sessionId cffdff0c-c79c-4856-955b-40d7e3a6eda1 with d8ca7976-c8a1-47c7-af00-4f7a8f739fed
[35m[HTTP][39m [37m<-- GET /wd/hub/session/d8ca7976-c8a1-47c7-af00-4f7a8f739fed/source [39m[32m200[39m [90m134 ms - 47527[39m
[35m[HTTP][39m [90m[39m
[35m[HTTP][39m [37m-->[39m [37mGET[39m [37m/wd/hub/session/d8ca7976-c8a1-47c7-af00-4f7a8f739fed/screenshot[39m
[35m[HTTP][39m [90m{}[39m
[35m[HTTP][39m [37m<-- GET /wd/hub/session/d8ca7976-c8a1-47c7-af00-4f7a8f739fed/screenshot [39m[32m200[39m [90m294 ms - 240006[39m
[35m[HTTP][39m [90m[39m
[35m[HTTP][39m [37m-->[39m [37mPOST[39m [37m/wd/hub/session/d8ca7976-c8a1-47c7-af00-4f7a8f739fed/elements[39m
[35m[HTTP][39m [90m{"using":"xpath","value":"//*[@class = 'android.widget.TextView' and (@text = 'Agregar nueva dirección' or . = 'Agregar nueva dirección') and @resource-id = 'com.exito.appcompania:id/appCompatTextView_new_address']"}[39m
[35m[HTTP][39m [37m<-- POST /wd/hub/session/d8ca7976-c8a1-47c7-af00-4f7a8f739fed/elements [39m[32m200[39m [90m100 ms - 139[39m
[35m[HTTP][39m [90m[39m
[35m[HTTP][39m [37m-->[39m [37mGET[39m [37m/wd/hub/session/d8ca7976-c8a1-47c7-af00-4f7a8f739fed/window/rect[39m
[35m[HTTP][39m [90m{}[39m
[35m[HTTP][39m [37m<-- GET /wd/hub/session/d8ca7976-c8a1-47c7-af00-4f7a8f739fed/window/rect [39m[32m200[39m [90m7 ms - 50[39m
[35m[HTTP][39m [90m[39m
[35m[HTTP][39m [37m-->[39m [37mPOST[39m [37m/wd/hub/session/d8ca7976-c8a1-47c7-af00-4f7a8f739fed/elements[39m
[35m[HTTP][39m [90m{"using":"xpath","value":"//*[@class = 'android.widget.TextView' and (@text = 'Agregar nueva dirección' or . = 'Agregar nueva dirección') and @resource-id = 'com.exito.appcompania:id/appCompatTextView_new_address']"}[39m
[35m[HTTP][39m [37m<-- POST /wd/hub/session/d8ca7976-c8a1-47c7-af00-4f7a8f739fed/elements [39m[32m200[39m [90m96 ms - 139[39m
[35m[HTTP][39m [90m[39m
[35m[HTTP][39m [37m-->[39m [37mGET[39m [37m/wd/hub/session/d8ca7976-c8a1-47c7-af00-4f7a8f739fed/element/00000000-0000-006d-ffff-ffff000002bb/location[39m
[35m[HTTP][39m [90m{}[39m
[35m[W3C (d8ca7976)][39m Driver proxy active, passing request on via HTTP proxy
[35m[WD Proxy][39m Replacing sessionId cffdff0c-c79c-4856-955b-40d7e3a6eda1 with d8ca7976-c8a1-47c7-af00-4f7a8f739fed
[35m[HTTP][39m [37m<-- GET /wd/hub/session/d8ca7976-c8a1-47c7-af00-4f7a8f739fed/element/00000000-0000-006d-ffff-ffff000002bb/location [39m[32m200[39m [90m17 ms - 79[39m
[35m[HTTP][39m [90m[39m
[35m[HTTP][39m [37m-->[39m [37mPOST[39m [37m/wd/hub/session/d8ca7976-c8a1-47c7-af00-4f7a8f739fed/element/00000000-0000-006d-ffff-ffff000002bb/click[39m
[35m[HTTP][39m [90m{"id":"00000000-0000-006d-ffff-ffff000002bb"}[39m
[35m[HTTP][39m [37m<-- POST /wd/hub/session/d8ca7976-c8a1-47c7-af00-4f7a8f739fed/element/00000000-0000-006d-ffff-ffff000002bb/click [39m[32m200[39m [90m48 ms - 14[39m
[35m[HTTP][39m [90m[39m
[35m[HTTP][39m [37m-->[39m [37mGET[39m [37m/wd/hub/session/d8ca7976-c8a1-47c7-af00-4f7a8f739fed/source[39m
[35m[HTTP][39m [90m{}[39m
[35m[W3C (d8ca7976)][39m Driver proxy active, passing request on via HTTP proxy
[35m[WD Proxy][39m Replacing sessionId cffdff0c-c79c-4856-955b-40d7e3a6eda1 with d8ca7976-c8a1-47c7-af00-4f7a8f739fed
[35m[HTTP][39m [37m<-- GET /wd/hub/session/d8ca7976-c8a1-47c7-af00-4f7a8f739fed/source [39m[32m200[39m [90m196 ms - 16475[39m
[35m[HTTP][39m [90m[39m
[35m[HTTP][39m [37m-->[39m [37mGET[39m [37m/wd/hub/session/d8ca7976-c8a1-47c7-af00-4f7a8f739fed/screenshot[39m
[35m[HTTP][39m [90m{}[39m
[35m[HTTP][39m [37m<-- GET /wd/hub/session/d8ca7976-c8a1-47c7-af00-4f7a8f739fed/screenshot [39m[32m200[39m [90m336 ms - 649166[39m
[35m[HTTP][39m [90m[39m
[35m[HTTP][39m [37m-->[39m [37mPOST[39m [37m/wd/hub/session/d8ca7976-c8a1-47c7-af00-4f7a8f739fed/elements[39m
[35m[HTTP][39m [90m{"using":"xpath","value":"//*[@class = 'android.widget.ImageButton' and @resource-id = 'com.exito.appcompania:id/text_input_end_icon' and (@text = '' or . = '')]"}[39m
[35m[HTTP][39m [37m<-- POST /wd/hub/session/d8ca7976-c8a1-47c7-af00-4f7a8f739fed/elements [39m[32m200[39m [90m27 ms - 267[39m
[35m[HTTP][39m [90m[39m
[35m[HTTP][39m [37m-->[39m [37mPOST[39m [37m/wd/hub/session/d8ca7976-c8a1-47c7-af00-4f7a8f739fed/elements[39m
[35m[HTTP][39m [90m{"using":"accessibility id","value":"Show dropdown menu"}[39m
[35m[HTTP][39m [37m<-- POST /wd/hub/session/d8ca7976-c8a1-47c7-af00-4f7a8f739fed/elements [39m[32m200[39m [90m20 ms - 267[39m
[35m[HTTP][39m [90m[39m
[35m[HTTP][39m [37m-->[39m [37mPOST[39m [37m/wd/hub/session/d8ca7976-c8a1-47c7-af00-4f7a8f739fed/elements[39m
[35m[HTTP][39m [90m{"using":"id","value":"com.exito.appcompania:id/text_input_end_icon"}[39m
[35m[HTTP][39m [37m<-- POST /wd/hub/session/d8ca7976-c8a1-47c7-af00-4f7a8f739fed/elements [39m[32m200[39m [90m25 ms - 267[39m
[35m[HTTP][39m [90m[39m
[35m[HTTP][39m [37m-->[39m [37mPOST[39m [37m/wd/hub/session/d8ca7976-c8a1-47c7-af00-4f7a8f739fed/elements[39m
[35m[HTTP][39m [90m{"using":"-android uiautomator","value":"new UiSelector().className(\"android.widget.ImageButton\").resourceId(\"com.exito.appcompania:id/text_input_end_icon\")"}[39m
[35m[HTTP][39m [37m<-- POST /wd/hub/session/d8ca7976-c8a1-47c7-af00-4f7a8f739fed/elements [39m[32m200[39m [90m32 ms - 267[39m
[35m[HTTP][39m [90m[39m
[35m[HTTP][39m [37m-->[39m [37mGET[39m [37m/wd/hub/session/d8ca7976-c8a1-47c7-af00-4f7a8f739fed/window/rect[39m
[35m[HTTP][39m [90m{}[39m
[35m[HTTP][39m [37m<-- GET /wd/hub/session/d8ca7976-c8a1-47c7-af00-4f7a8f739fed/window/rect [39m[32m200[39m [90m20 ms - 50[39m
[35m[HTTP][39m [90m[39m
[35m[HTTP][39m [37m-->[39m [37mPOST[39m [37m/wd/hub/session/d8ca7976-c8a1-47c7-af00-4f7a8f739fed/elements[39m
[35m[HTTP][39m [90m{"using":"xpath","value":"//hierarchy/android.widget.FrameLayout[1]/android.widget.LinearLayout[1]/android.widget.FrameLayout[1]/android.widget.FrameLayout[1]/android.widget.FrameLayout[1]/android.widget.FrameLayout[1]/android.view.ViewGroup[1]/android.widget.FrameLayout[1]/android.view.ViewGroup[1]/android.widget.FrameLayout[1]/android.view.ViewGroup[1]/android.view.ViewGroup[1]/androidx.appcompat.widget.LinearLayoutCompat[1]/android.widget.LinearLayout[1]/android.widget.FrameLayout[1]/android.widget.LinearLayout[1]/android.widget.FrameLayout[1]/android.widget.ImageButton[1]"}[39m
[35m[HTTP][39m [37m<-- POST /wd/hub/session/d8ca7976-c8a1-47c7-af00-4f7a8f739fed/elements [39m[32m200[39m [90m37 ms - 139[39m
[35m[HTTP][39m [90m[39m
[35m[HTTP][39m [37m-->[39m [37mGET[39m [37m/wd/hub/session/d8ca7976-c8a1-47c7-af00-4f7a8f739fed/element/00000000-0000-006d-ffff-ffff000003b5/location[39m
[35m[HTTP][39m [90m{}[39m
[35m[W3C (d8ca7976)][39m Driver proxy active, passing request on via HTTP proxy
[35m[WD Proxy][39m Replacing sessionId cffdff0c-c79c-4856-955b-40d7e3a6eda1 with d8ca7976-c8a1-47c7-af00-4f7a8f739fed
[35m[HTTP][39m [37m<-- GET /wd/hub/session/d8ca7976-c8a1-47c7-af00-4f7a8f739fed/element/00000000-0000-006d-ffff-ffff000003b5/location [39m[32m200[39m [90m14 ms - 79[39m
[35m[HTTP][39m [90m[39m
[35m[HTTP][39m [37m-->[39m [37mPOST[39m [37m/wd/hub/session/d8ca7976-c8a1-47c7-af00-4f7a8f739fed/element/00000000-0000-006d-ffff-ffff000003b5/click[39m
[35m[HTTP][39m [90m{"id":"00000000-0000-006d-ffff-ffff000003b5"}[39m
[35m[HTTP][39m [37m<-- POST /wd/hub/session/d8ca7976-c8a1-47c7-af00-4f7a8f739fed/element/00000000-0000-006d-ffff-ffff000003b5/click [39m[32m200[39m [90m44 ms - 14[39m
[35m[HTTP][39m [90m[39m
[35m[HTTP][39m [37m-->[39m [37mGET[39m [37m/wd/hub/session/d8ca7976-c8a1-47c7-af00-4f7a8f739fed/source[39m
[35m[HTTP][39m [90m{}[39m
[35m[W3C (d8ca7976)][39m Driver proxy active, passing request on via HTTP proxy
[35m[WD Proxy][39m Replacing sessionId cffdff0c-c79c-4856-955b-40d7e3a6eda1 with d8ca7976-c8a1-47c7-af00-4f7a8f739fed
[35m[HTTP][39m [37m<-- GET /wd/hub/session/d8ca7976-c8a1-47c7-af00-4f7a8f739fed/source [39m[32m200[39m [90m317 ms - 16473[39m
[35m[HTTP][39m [90m[39m
[35m[HTTP][39m [37m-->[39m [37mGET[39m [37m/wd/hub/session/d8ca7976-c8a1-47c7-af00-4f7a8f739fed/screenshot[39m
[35m[HTTP][39m [90m{}[39m
[35m[HTTP][39m [37m<-- GET /wd/hub/session/d8ca7976-c8a1-47c7-af00-4f7a8f739fed/screenshot [39m[32m200[39m [90m264 ms - 157212[39m
[35m[HTTP][39m [90m[39m
[35m[HTTP][39m [37m-->[39m [37mPOST[39m [37m/wd/hub/session/d8ca7976-c8a1-47c7-af00-4f7a8f739fed/elements[39m
[35m[HTTP][39m [90m{"using":"xpath","value":"//*[@class = 'android.view.View' and @resource-id = 'com.exito.appcompania:id/touch_outside' and (@text = '' or . = '')]"}[39m
[35m[HTTP][39m [37m<-- POST /wd/hub/session/d8ca7976-c8a1-47c7-af00-4f7a8f739fed/elements [39m[32m200[39m [90m36 ms - 139[39m
[35m[HTTP][39m [90m[39m
[35m[HTTP][39m [37m-->[39m [37mGET[39m [37m/wd/hub/session/d8ca7976-c8a1-47c7-af00-4f7a8f739fed/window/rect[39m
[35m[HTTP][39m [90m{}[39m
[35m[HTTP][39m [37m<-- GET /wd/hub/session/d8ca7976-c8a1-47c7-af00-4f7a8f739fed/window/rect [39m[32m200[39m [90m12 ms - 50[39m
[35m[HTTP][39m [90m[39m
[35m[HTTP][39m [37m-->[39m [37mPOST[39m [37m/wd/hub/session/d8ca7976-c8a1-47c7-af00-4f7a8f739fed/elements[39m
[35m[HTTP][39m [90m{"using":"xpath","value":"//*[@class = 'android.view.View' and @resource-id = 'com.exito.appcompania:id/touch_outside' and (@text = '' or . = '')]"}[39m
[35m[HTTP][39m [37m<-- POST /wd/hub/session/d8ca7976-c8a1-47c7-af00-4f7a8f739fed/elements [39m[32m200[39m [90m33 ms - 139[39m
[35m[HTTP][39m [90m[39m
[35m[HTTP][39m [37m-->[39m [37mGET[39m [37m/wd/hub/session/d8ca7976-c8a1-47c7-af00-4f7a8f739fed/element/00000000-0000-006d-ffff-ffff0000026b/location[39m
[35m[HTTP][39m [90m{}[39m
[35m[W3C (d8ca7976)][39m Driver proxy active, passing request on via HTTP proxy
[35m[WD Proxy][39m Replacing sessionId cffdff0c-c79c-4856-955b-40d7e3a6eda1 with d8ca7976-c8a1-47c7-af00-4f7a8f739fed
[35m[HTTP][39m [37m<-- GET /wd/hub/session/d8ca7976-c8a1-47c7-af00-4f7a8f739fed/element/00000000-0000-006d-ffff-ffff0000026b/location [39m[32m200[39m [90m15 ms - 76[39m
[35m[HTTP][39m [90m[39m
[35m[HTTP][39m [37m-->[39m [37mPOST[39m [37m/wd/hub/session/d8ca7976-c8a1-47c7-af00-4f7a8f739fed/element/00000000-0000-006d-ffff-ffff0000026b/click[39m
[35m[HTTP][39m [90m{"id":"00000000-0000-006d-ffff-ffff0000026b"}[39m
[35m[HTTP][39m [37m<-- POST /wd/hub/session/d8ca7976-c8a1-47c7-af00-4f7a8f739fed/element/00000000-0000-006d-ffff-ffff0000026b/click [39m[32m200[39m [90m832 ms - 14[39m
[35m[HTTP][39m [90m[39m
[35m[HTTP][39m [37m-->[39m [37mGET[39m [37m/wd/hub/session/d8ca7976-c8a1-47c7-af00-4f7a8f739fed/source[39m
[35m[HTTP][39m [90m{}[39m
[35m[W3C (d8ca7976)][39m Driver proxy active, passing request on via HTTP proxy
[35m[WD Proxy][39m Replacing sessionId cffdff0c-c79c-4856-955b-40d7e3a6eda1 with d8ca7976-c8a1-47c7-af00-4f7a8f739fed
[35m[HTTP][39m [37m<-- GET /wd/hub/session/d8ca7976-c8a1-47c7-af00-4f7a8f739fed/source [39m[32m200[39m [90m31 ms - 16451[39m
[35m[HTTP][39m [90m[39m
[35m[HTTP][39m [37m-->[39m [37mGET[39m [37m/wd/hub/session/d8ca7976-c8a1-47c7-af00-4f7a8f739fed/screenshot[39m
[35m[HTTP][39m [90m{}[39m
[35m[HTTP][39m [37m<-- GET /wd/hub/session/d8ca7976-c8a1-47c7-af00-4f7a8f739fed/screenshot [39m[32m200[39m [90m389 ms - 709866[39m
[35m[HTTP][39m [90m[39m
[35m[HTTP][39m [37m-->[39m [37mPOST[39m [37m/wd/hub/session/d8ca7976-c8a1-47c7-af00-4f7a8f739fed/elements[39m
[35m[HTTP][39m [90m{"using":"xpath","value":"//*[@class = 'android.widget.ImageButton' and @resource-id = 'com.exito.appcompania:id/text_input_end_icon' and (@text = '' or . = '')]"}[39m
[35m[HTTP][39m [37m<-- POST /wd/hub/session/d8ca7976-c8a1-47c7-af00-4f7a8f739fed/elements [39m[32m200[39m [90m66 ms - 267[39m
[35m[HTTP][39m [90m[39m
[35m[HTTP][39m [37m-->[39m [37mPOST[39m [37m/wd/hub/session/d8ca7976-c8a1-47c7-af00-4f7a8f739fed/elements[39m
[35m[HTTP][39m [90m{"using":"accessibility id","value":"Show dropdown menu"}[39m
[35m[HTTP][39m [37m<-- POST /wd/hub/session/d8ca7976-c8a1-47c7-af00-4f7a8f739fed/elements [39m[32m200[39m [90m49 ms - 267[39m
[35m[HTTP][39m [90m[39m
[35m[HTTP][39m [37m-->[39m [37mPOST[39m [37m/wd/hub/session/d8ca7976-c8a1-47c7-af00-4f7a8f739fed/elements[39m
[35m[HTTP][39m [90m{"using":"id","value":"com.exito.appcompania:id/text_input_end_icon"}[39m
[35m[HTTP][39m [37m<-- POST /wd/hub/session/d8ca7976-c8a1-47c7-af00-4f7a8f739fed/elements [39m[32m200[39m [90m60 ms - 267[39m
[35m[HTTP][39m [90m[39m
[35m[HTTP][39m [37m-->[39m [37mPOST[39m [37m/wd/hub/session/d8ca7976-c8a1-47c7-af00-4f7a8f739fed/elements[39m
[35m[HTTP][39m [90m{"using":"-android uiautomator","value":"new UiSelector().className(\"android.widget.ImageButton\").resourceId(\"com.exito.appcompania:id/text_input_end_icon\")"}[39m
[35m[HTTP][39m [37m<-- POST /wd/hub/session/d8ca7976-c8a1-47c7-af00-4f7a8f739fed/elements [39m[32m200[39m [90m78 ms - 267[39m
[35m[HTTP][39m [90m[39m
[35m[HTTP][39m [37m-->[39m [37mGET[39m [37m/wd/hub/session/d8ca7976-c8a1-47c7-af00-4f7a8f739fed/window/rect[39m
[35m[HTTP][39m [90m{}[39m
[35m[HTTP][39m [37m<-- GET /wd/hub/session/d8ca7976-c8a1-47c7-af00-4f7a8f739fed/window/rect [39m[32m200[39m [90m12 ms - 50[39m
[35m[HTTP][39m [90m[39m
[35m[HTTP][39m [37m-->[39m [37mPOST[39m [37m/wd/hub/session/d8ca7976-c8a1-47c7-af00-4f7a8f739fed/elements[39m
[35m[HTTP][39m [90m{"using":"xpath","value":"//hierarchy/android.widget.FrameLayout[1]/android.widget.LinearLayout[1]/android.widget.FrameLayout[1]/android.widget.FrameLayout[1]/android.widget.FrameLayout[1]/android.widget.FrameLayout[1]/android.view.ViewGroup[1]/android.widget.FrameLayout[1]/android.view.ViewGroup[1]/android.widget.FrameLayout[1]/android.view.ViewGroup[1]/android.view.ViewGroup[1]/androidx.appcompat.widget.LinearLayoutCompat[1]/android.widget.LinearLayout[2]/android.widget.FrameLayout[1]/android.widget.LinearLayout[1]/android.widget.FrameLayout[1]/android.widget.ImageButton[1]"}[39m
[35m[HTTP][39m [37m<-- POST /wd/hub/session/d8ca7976-c8a1-47c7-af00-4f7a8f739fed/elements [39m[32m200[39m [90m50 ms - 139[39m
[35m[HTTP][39m [90m[39m
[35m[HTTP][39m [37m-->[39m [37mGET[39m [37m/wd/hub/session/d8ca7976-c8a1-47c7-af00-4f7a8f739fed/element/00000000-0000-006d-ffff-ffff000003c0/location[39m
[35m[HTTP][39m [90m{}[39m
[35m[W3C (d8ca7976)][39m Driver proxy active, passing request on via HTTP proxy
[35m[WD Proxy][39m Replacing sessionId cffdff0c-c79c-4856-955b-40d7e3a6eda1 with d8ca7976-c8a1-47c7-af00-4f7a8f739fed
[35m[HTTP][39m [37m<-- GET /wd/hub/session/d8ca7976-c8a1-47c7-af00-4f7a8f739fed/element/00000000-0000-006d-ffff-ffff000003c0/location [39m[32m200[39m [90m15 ms - 79[39m
[35m[HTTP][39m [90m[39m
[35m[HTTP][39m [37m-->[39m [37mPOST[39m [37m/wd/hub/session/d8ca7976-c8a1-47c7-af00-4f7a8f739fed/element/00000000-0000-006d-ffff-ffff000003c0/click[39m
[35m[HTTP][39m [90m{"id":"00000000-0000-006d-ffff-ffff000003c0"}[39m
[35m[HTTP][39m [37m<-- POST /wd/hub/session/d8ca7976-c8a1-47c7-af00-4f7a8f739fed/element/00000000-0000-006d-ffff-ffff000003c0/click [39m[32m200[39m [90m44 ms - 14[39m
[35m[HTTP][39m [90m[39m
[35m[HTTP][39m [37m-->[39m [37mGET[39m [37m/wd/hub/session/d8ca7976-c8a1-47c7-af00-4f7a8f739fed/source[39m
[35m[HTTP][39m [90m{}[39m
[35m[W3C (d8ca7976)][39m Driver proxy active, passing request on via HTTP proxy
[35m[WD Proxy][39m Replacing sessionId cffdff0c-c79c-4856-955b-40d7e3a6eda1 with d8ca7976-c8a1-47c7-af00-4f7a8f739fed
[35m[HTTP][39m [37m<-- GET /wd/hub/session/d8ca7976-c8a1-47c7-af00-4f7a8f739fed/source [39m[32m200[39m [90m353 ms - 16450[39m
[35m[HTTP][39m [90m[39m
[35m[HTTP][39m [37m-->[39m [37mGET[39m [37m/wd/hub/session/d8ca7976-c8a1-47c7-af00-4f7a8f739fed/screenshot[39m
[35m[HTTP][39m [90m{}[39m
[35m[HTTP][39m [37m<-- GET /wd/hub/session/d8ca7976-c8a1-47c7-af00-4f7a8f739fed/screenshot [39m[32m200[39m [90m400 ms - 520536[39m
[35m[HTTP][39m [90m[39m
[35m[HTTP][39m [37m-->[39m [37mPOST[39m [37m/wd/hub/session/d8ca7976-c8a1-47c7-af00-4f7a8f739fed/elements[39m
[35m[HTTP][39m [90m{"using":"xpath","value":"//*[@class = 'android.view.ViewGroup' and (@text = '' or . = '')]"}[39m
[35m[HTTP][39m [37m<-- POST /wd/hub/session/d8ca7976-c8a1-47c7-af00-4f7a8f739fed/elements [39m[32m200[39m [90m32 ms - 523[39m
[35m[HTTP][39m [90m[39m
[35m[HTTP][39m [37m-->[39m [37mPOST[39m [37m/wd/hub/session/d8ca7976-c8a1-47c7-af00-4f7a8f739fed/elements[39m
[35m[HTTP][39m [90m{"using":"-android uiautomator","value":"new UiSelector().className(\"android.view.ViewGroup\")"}[39m
[35m[HTTP][39m [37m<-- POST /wd/hub/session/d8ca7976-c8a1-47c7-af00-4f7a8f739fed/elements [39m[32m200[39m [90m64 ms - 523[39m
[35m[HTTP][39m [90m[39m
[35m[HTTP][39m [37m-->[39m [37mGET[39m [37m/wd/hub/session/d8ca7976-c8a1-47c7-af00-4f7a8f739fed/window/rect[39m
[35m[HTTP][39m [90m{}[39m
[35m[HTTP][39m [37m<-- GET /wd/hub/session/d8ca7976-c8a1-47c7-af00-4f7a8f739fed/window/rect [39m[32m200[39m [90m9 ms - 50[39m
[35m[HTTP][39m [90m[39m
[35m[HTTP][39m [37m-->[39m [37mPOST[39m [37m/wd/hub/session/d8ca7976-c8a1-47c7-af00-4f7a8f739fed/elements[39m
[35m[HTTP][39m [90m{"using":"xpath","value":"//hierarchy/android.widget.FrameLayout[1]/android.widget.LinearLayout[1]/android.widget.FrameLayout[1]/android.widget.FrameLayout[1]/android.widget.FrameLayout[1]/android.widget.FrameLayout[1]/android.view.ViewGroup[1]/android.widget.FrameLayout[1]/android.view.ViewGroup[1]/android.widget.FrameLayout[1]/android.view.ViewGroup[1]/android.view.ViewGroup[1]"}[39m
[35m[HTTP][39m [37m<-- POST /wd/hub/session/d8ca7976-c8a1-47c7-af00-4f7a8f739fed/elements [39m[32m200[39m [90m25 ms - 139[39m
[35m[HTTP][39m [90m[39m
[35m[HTTP][39m [37m-->[39m [37mGET[39m [37m/wd/hub/session/d8ca7976-c8a1-47c7-af00-4f7a8f739fed/element/00000000-0000-006d-ffff-ffff000003a7/location[39m
[35m[HTTP][39m [90m{}[39m
[35m[W3C (d8ca7976)][39m Driver proxy active, passing request on via HTTP proxy
[35m[WD Proxy][39m Replacing sessionId cffdff0c-c79c-4856-955b-40d7e3a6eda1 with d8ca7976-c8a1-47c7-af00-4f7a8f739fed
[35m[HTTP][39m [37m<-- GET /wd/hub/session/d8ca7976-c8a1-47c7-af00-4f7a8f739fed/element/00000000-0000-006d-ffff-ffff000003a7/location [39m[32m200[39m [90m16 ms - 77[39m
[35m[HTTP][39m [90m[39m
[35m[HTTP][39m [37m-->[39m [37mPOST[39m [37m/wd/hub/session/d8ca7976-c8a1-47c7-af00-4f7a8f739fed/element/00000000-0000-006d-ffff-ffff000003a7/click[39m
[35m[HTTP][39m [90m{"id":"00000000-0000-006d-ffff-ffff000003a7"}[39m
[35m[HTTP][39m [37m<-- POST /wd/hub/session/d8ca7976-c8a1-47c7-af00-4f7a8f739fed/element/00000000-0000-006d-ffff-ffff000003a7/click [39m[32m200[39m [90m673 ms - 14[39m
[35m[HTTP][39m [90m[39m
[35m[HTTP][39m [37m-->[39m [37mGET[39m [37m/wd/hub/session/d8ca7976-c8a1-47c7-af00-4f7a8f739fed/source[39m
[35m[HTTP][39m [90m{}[39m
[35m[W3C (d8ca7976)][39m Driver proxy active, passing request on via HTTP proxy
[35m[WD Proxy][39m Replacing sessionId cffdff0c-c79c-4856-955b-40d7e3a6eda1 with d8ca7976-c8a1-47c7-af00-4f7a8f739fed
[35m[HTTP][39m [37m<-- GET /wd/hub/session/d8ca7976-c8a1-47c7-af00-4f7a8f739fed/source [39m[32m200[39m [90m36 ms - 16451[39m
[35m[HTTP][39m [90m[39m
[35m[HTTP][39m [37m-->[39m [37mGET[39m [37m/wd/hub/session/d8ca7976-c8a1-47c7-af00-4f7a8f739fed/screenshot[39m
[35m[HTTP][39m [90m{}[39m
[35m[HTTP][39m [37m<-- GET /wd/hub/session/d8ca7976-c8a1-47c7-af00-4f7a8f739fed/screenshot [39m[32m200[39m [90m380 ms - 709042[39m
[35m[HTTP][39m [90m[39m
[35m[HTTP][39m [37m-->[39m [37mGET[39m [37m/wd/hub/session/d8ca7976-c8a1-47c7-af00-4f7a8f739fed/source[39m
[35m[HTTP][39m [90m{}[39m
[35m[W3C (d8ca7976)][39m Driver proxy active, passing request on via HTTP proxy
[35m[WD Proxy][39m Replacing sessionId cffdff0c-c79c-4856-955b-40d7e3a6eda1 with d8ca7976-c8a1-47c7-af00-4f7a8f739fed
[35m[HTTP][39m [37m<-- GET /wd/hub/session/d8ca7976-c8a1-47c7-af00-4f7a8f739fed/source [39m[32m200[39m [90m33 ms - 16450[39m
[35m[HTTP][39m [90m[39m
[35m[HTTP][39m [37m-->[39m [37mGET[39m [37m/wd/hub/session/d8ca7976-c8a1-47c7-af00-4f7a8f739fed/screenshot[39m
[35m[HTTP][39m [90m{}[39m
[35m[HTTP][39m [37m<-- GET /wd/hub/session/d8ca7976-c8a1-47c7-af00-4f7a8f739fed/screenshot [39m[32m200[39m [90m291 ms - 151920[39m
[35m[HTTP][39m [90m[39m
[35m[HTTP][39m [37m-->[39m [37mPOST[39m [37m/wd/hub/session/d8ca7976-c8a1-47c7-af00-4f7a8f739fed/elements[39m
[35m[HTTP][39m [90m{"using":"xpath","value":"//*[@class = 'android.view.View' and @resource-id = 'com.exito.appcompania:id/touch_outside' and (@text = '' or . = '')]"}[39m
[35m[HTTP][39m [37m<-- POST /wd/hub/session/d8ca7976-c8a1-47c7-af00-4f7a8f739fed/elements [39m[32m200[39m [90m28 ms - 139[39m
[35m[HTTP][39m [90m[39m
[35m[HTTP][39m [37m-->[39m [37mGET[39m [37m/wd/hub/session/d8ca7976-c8a1-47c7-af00-4f7a8f739fed/window/rect[39m
[35m[HTTP][39m [90m{}[39m
[35m[HTTP][39m [37m<-- GET /wd/hub/session/d8ca7976-c8a1-47c7-af00-4f7a8f739fed/window/rect [39m[32m200[39m [90m13 ms - 50[39m
[35m[HTTP][39m [90m[39m
[35m[HTTP][39m [37m-->[39m [37mPOST[39m [37m/wd/hub/session/d8ca7976-c8a1-47c7-af00-4f7a8f739fed/elements[39m
[35m[HTTP][39m [90m{"using":"xpath","value":"//*[@class = 'android.view.View' and @resource-id = 'com.exito.appcompania:id/touch_outside' and (@text = '' or . = '')]"}[39m
[35m[HTTP][39m [37m<-- POST /wd/hub/session/d8ca7976-c8a1-47c7-af00-4f7a8f739fed/elements [39m[32m200[39m [90m36 ms - 139[39m
[35m[HTTP][39m [90m[39m
[35m[HTTP][39m [37m-->[39m [37mGET[39m [37m/wd/hub/session/d8ca7976-c8a1-47c7-af00-4f7a8f739fed/element/00000000-0000-006d-ffff-ffff0000026b/location[39m
[35m[HTTP][39m [90m{}[39m
[35m[W3C (d8ca7976)][39m Driver proxy active, passing request on via HTTP proxy
[35m[WD Proxy][39m Replacing sessionId cffdff0c-c79c-4856-955b-40d7e3a6eda1 with d8ca7976-c8a1-47c7-af00-4f7a8f739fed
[35m[HTTP][39m [37m<-- GET /wd/hub/session/d8ca7976-c8a1-47c7-af00-4f7a8f739fed/element/00000000-0000-006d-ffff-ffff0000026b/location [39m[32m200[39m [90m16 ms - 76[39m
[35m[HTTP][39m [90m[39m
[35m[HTTP][39m [37m-->[39m [37mPOST[39m [37m/wd/hub/session/d8ca7976-c8a1-47c7-af00-4f7a8f739fed/element/00000000-0000-006d-ffff-ffff0000026b/click[39m
[35m[HTTP][39m [90m{"id":"00000000-0000-006d-ffff-ffff0000026b"}[39m
[35m[HTTP][39m [37m<-- POST /wd/hub/session/d8ca7976-c8a1-47c7-af00-4f7a8f739fed/element/00000000-0000-006d-ffff-ffff0000026b/click [39m[32m200[39m [90m825 ms - 14[39m
[35m[HTTP][39m [90m[39m
[35m[HTTP][39m [37m-->[39m [37mGET[39m [37m/wd/hub/session/d8ca7976-c8a1-47c7-af00-4f7a8f739fed/source[39m
[35m[HTTP][39m [90m{}[39m
[35m[W3C (d8ca7976)][39m Driver proxy active, passing request on via HTTP proxy
[35m[WD Proxy][39m Replacing sessionId cffdff0c-c79c-4856-955b-40d7e3a6eda1 with d8ca7976-c8a1-47c7-af00-4f7a8f739fed
[35m[HTTP][39m [37m<-- GET /wd/hub/session/d8ca7976-c8a1-47c7-af00-4f7a8f739fed/source [39m[32m200[39m [90m30 ms - 16451[39m
[35m[HTTP][39m [90m[39m
[35m[HTTP][39m [37m-->[39m [37mGET[39m [37m/wd/hub/session/d8ca7976-c8a1-47c7-af00-4f7a8f739fed/screenshot[39m
[35m[HTTP][39m [90m{}[39m
[35m[HTTP][39m [37m<-- GET /wd/hub/session/d8ca7976-c8a1-47c7-af00-4f7a8f739fed/screenshot [39m[32m200[39m [90m343 ms - 644236[39m
[35m[HTTP][39m [90m[39m
[35m[HTTP][39m [37m-->[39m [37mGET[39m [37m/wd/hub/session/d8ca7976-c8a1-47c7-af00-4f7a8f739fed/source[39m
[35m[HTTP][39m [90m{}[39m
[35m[W3C (d8ca7976)][39m Driver proxy active, passing request on via HTTP proxy
[35m[WD Proxy][39m Replacing sessionId cffdff0c-c79c-4856-955b-40d7e3a6eda1 with d8ca7976-c8a1-47c7-af00-4f7a8f739fed
[35m[HTTP][39m [37m<-- GET /wd/hub/session/d8ca7976-c8a1-47c7-af00-4f7a8f739fed/source [39m[32m200[39m [90m33 ms - 16475[39m
[35m[HTTP][39m [90m[39m
[35m[HTTP][39m [37m-->[39m [37mGET[39m [37m/wd/hub/session/d8ca7976-c8a1-47c7-af00-4f7a8f739fed/screenshot[39m
[35m[HTTP][39m [90m{}[39m
[35m[HTTP][39m [37m<-- GET /wd/hub/session/d8ca7976-c8a1-47c7-af00-4f7a8f739fed/screenshot [39m[32m200[39m [90m409 ms - 591720[39m
[35m[HTTP][39m [90m[39m
[35m[HTTP][39m [37m-->[39m [37mPOST[39m [37m/wd/hub/session/d8ca7976-c8a1-47c7-af00-4f7a8f739fed/elements[39m
[35m[HTTP][39m [90m{"using":"xpath","value":"//*[@class = 'android.widget.ImageButton' and @resource-id = 'com.exito.appcompania:id/text_input_end_icon' and (@text = '' or . = '')]"}[39m
[35m[HTTP][39m [37m<-- POST /wd/hub/session/d8ca7976-c8a1-47c7-af00-4f7a8f739fed/elements [39m[32m200[39m [90m27 ms - 267[39m
[35m[HTTP][39m [90m[39m
[35m[HTTP][39m [37m-->[39m [37mPOST[39m [37m/wd/hub/session/d8ca7976-c8a1-47c7-af00-4f7a8f739fed/elements[39m
[35m[HTTP][39m [90m{"using":"accessibility id","value":"Show dropdown menu"}[39m
[35m[HTTP][39m [37m<-- POST /wd/hub/session/d8ca7976-c8a1-47c7-af00-4f7a8f739fed/elements [39m[32m200[39m [90m19 ms - 267[39m
[35m[HTTP][39m [90m[39m
[35m[HTTP][39m [37m-->[39m [37mPOST[39m [37m/wd/hub/session/d8ca7976-c8a1-47c7-af00-4f7a8f739fed/elements[39m
[35m[HTTP][39m [90m{"using":"id","value":"com.exito.appcompania:id/text_input_end_icon"}[39m
[35m[HTTP][39m [37m<-- POST /wd/hub/session/d8ca7976-c8a1-47c7-af00-4f7a8f739fed/elements [39m[32m200[39m [90m25 ms - 267[39m
[35m[HTTP][39m [90m[39m
[35m[HTTP][39m [37m-->[39m [37mPOST[39m [37m/wd/hub/session/d8ca7976-c8a1-47c7-af00-4f7a8f739fed/elements[39m
[35m[HTTP][39m [90m{"using":"-android uiautomator","value":"new UiSelector().className(\"android.widget.ImageButton\").resourceId(\"com.exito.appcompania:id/text_input_end_icon\")"}[39m
[35m[HTTP][39m [37m<-- POST /wd/hub/session/d8ca7976-c8a1-47c7-af00-4f7a8f739fed/elements [39m[32m200[39m [90m41 ms - 267[39m
[35m[HTTP][39m [90m[39m
[35m[HTTP][39m [37m-->[39m [37mGET[39m [37m/wd/hub/session/d8ca7976-c8a1-47c7-af00-4f7a8f739fed/window/rect[39m
[35m[HTTP][39m [90m{}[39m
[35m[HTTP][39m [37m<-- GET /wd/hub/session/d8ca7976-c8a1-47c7-af00-4f7a8f739fed/window/rect [39m[32m200[39m [90m5 ms - 50[39m
[35m[HTTP][39m [90m[39m
[35m[HTTP][39m [37m-->[39m [37mPOST[39m [37m/wd/hub/session/d8ca7976-c8a1-47c7-af00-4f7a8f739fed/elements[39m
[35m[HTTP][39m [90m{"using":"xpath","value":"//hierarchy/android.widget.FrameLayout[1]/android.widget.LinearLayout[1]/android.widget.FrameLayout[1]/android.widget.FrameLayout[1]/android.widget.FrameLayout[1]/android.widget.FrameLayout[1]/android.view.ViewGroup[1]/android.widget.FrameLayout[1]/android.view.ViewGroup[1]/android.widget.FrameLayout[1]/android.view.ViewGroup[1]/android.view.ViewGroup[1]/androidx.appcompat.widget.LinearLayoutCompat[1]/android.widget.LinearLayout[1]/android.widget.FrameLayout[1]/android.widget.LinearLayout[1]/android.widget.FrameLayout[1]/android.widget.ImageButton[1]"}[39m
[35m[HTTP][39m [37m<-- POST /wd/hub/session/d8ca7976-c8a1-47c7-af00-4f7a8f739fed/elements [39m[32m200[39m [90m27 ms - 139[39m
[35m[HTTP][39m [90m[39m
[35m[HTTP][39m [37m-->[39m [37mGET[39m [37m/wd/hub/session/d8ca7976-c8a1-47c7-af00-4f7a8f739fed/element/00000000-0000-006d-ffff-ffff00000573/location[39m
[35m[HTTP][39m [90m{}[39m
[35m[W3C (d8ca7976)][39m Driver proxy active, passing request on via HTTP proxy
[35m[WD Proxy][39m Replacing sessionId cffdff0c-c79c-4856-955b-40d7e3a6eda1 with d8ca7976-c8a1-47c7-af00-4f7a8f739fed
[35m[HTTP][39m [37m<-- GET /wd/hub/session/d8ca7976-c8a1-47c7-af00-4f7a8f739fed/element/00000000-0000-006d-ffff-ffff00000573/location [39m[32m200[39m [90m20 ms - 79[39m
[35m[HTTP][39m [90m[39m
[35m[HTTP][39m [37m-->[39m [37mPOST[39m [37m/wd/hub/session/d8ca7976-c8a1-47c7-af00-4f7a8f739fed/element/00000000-0000-006d-ffff-ffff00000573/click[39m
[35m[HTTP][39m [90m{"id":"00000000-0000-006d-ffff-ffff00000573"}[39m
[35m[HTTP][39m [37m<-- POST /wd/hub/session/d8ca7976-c8a1-47c7-af00-4f7a8f739fed/element/00000000-0000-006d-ffff-ffff00000573/click [39m[32m200[39m [90m40 ms - 14[39m
[35m[HTTP][39m [90m[39m
[35m[HTTP][39m [37m-->[39m [37mGET[39m [37m/wd/hub/session/d8ca7976-c8a1-47c7-af00-4f7a8f739fed/source[39m
[35m[HTTP][39m [90m{}[39m
[35m[W3C (d8ca7976)][39m Driver proxy active, passing request on via HTTP proxy
[35m[WD Proxy][39m Replacing sessionId cffdff0c-c79c-4856-955b-40d7e3a6eda1 with d8ca7976-c8a1-47c7-af00-4f7a8f739fed
[35m[HTTP][39m [37m<-- GET /wd/hub/session/d8ca7976-c8a1-47c7-af00-4f7a8f739fed/source [39m[32m200[39m [90m272 ms - 16473[39m
[35m[HTTP][39m [90m[39m
[35m[HTTP][39m [37m-->[39m [37mGET[39m [37m/wd/hub/session/d8ca7976-c8a1-47c7-af00-4f7a8f739fed/screenshot[39m
[35m[HTTP][39m [90m{}[39m
[35m[HTTP][39m [37m<-- GET /wd/hub/session/d8ca7976-c8a1-47c7-af00-4f7a8f739fed/screenshot [39m[32m200[39m [90m229 ms - 156858[39m
[35m[HTTP][39m [90m[39m
[35m[HTTP][39m [37m-->[39m [37mPOST[39m [37m/wd/hub/session/d8ca7976-c8a1-47c7-af00-4f7a8f739fed/elements[39m
[35m[HTTP][39m [90m{"using":"xpath","value":"//*[@class = 'android.view.View' and @resource-id = 'com.exito.appcompania:id/touch_outside' and (@text = '' or . = '')]"}[39m
[35m[HTTP][39m [37m<-- POST /wd/hub/session/d8ca7976-c8a1-47c7-af00-4f7a8f739fed/elements [39m[32m200[39m [90m43 ms - 139[39m
[35m[HTTP][39m [90m[39m
[35m[HTTP][39m [37m-->[39m [37mGET[39m [37m/wd/hub/session/d8ca7976-c8a1-47c7-af00-4f7a8f739fed/window/rect[39m
[35m[HTTP][39m [90m{}[39m
[35m[HTTP][39m [37m<-- GET /wd/hub/session/d8ca7976-c8a1-47c7-af00-4f7a8f739fed/window/rect [39m[32m200[39m [90m6 ms - 50[39m
[35m[HTTP][39m [90m[39m
[35m[HTTP][39m [37m-->[39m [37mPOST[39m [37m/wd/hub/session/d8ca7976-c8a1-47c7-af00-4f7a8f739fed/elements[39m
[35m[HTTP][39m [90m{"using":"xpath","value":"//*[@class = 'android.view.View' and @resource-id = 'com.exito.appcompania:id/touch_outside' and (@text = '' or . = '')]"}[39m
[35m[HTTP][39m [37m<-- POST /wd/hub/session/d8ca7976-c8a1-47c7-af00-4f7a8f739fed/elements [39m[32m200[39m [90m44 ms - 139[39m
[35m[HTTP][39m [90m[39m
[35m[HTTP][39m [37m-->[39m [37mGET[39m [37m/wd/hub/session/d8ca7976-c8a1-47c7-af00-4f7a8f739fed/element/00000000-0000-006d-ffff-ffff0000026b/location[39m
[35m[HTTP][39m [90m{}[39m
[35m[W3C (d8ca7976)][39m Driver proxy active, passing request on via HTTP proxy
[35m[WD Proxy][39m Replacing sessionId cffdff0c-c79c-4856-955b-40d7e3a6eda1 with d8ca7976-c8a1-47c7-af00-4f7a8f739fed
[35m[HTTP][39m [37m<-- GET /wd/hub/session/d8ca7976-c8a1-47c7-af00-4f7a8f739fed/element/00000000-0000-006d-ffff-ffff0000026b/location [39m[32m200[39m [90m23 ms - 76[39m
[35m[HTTP][39m [90m[39m
[35m[HTTP][39m [37m-->[39m [37mPOST[39m [37m/wd/hub/session/d8ca7976-c8a1-47c7-af00-4f7a8f739fed/element/00000000-0000-006d-ffff-ffff0000026b/click[39m
[35m[HTTP][39m [90m{"id":"00000000-0000-006d-ffff-ffff0000026b"}[39m
[35m[HTTP][39m [37m<-- POST /wd/hub/session/d8ca7976-c8a1-47c7-af00-4f7a8f739fed/element/00000000-0000-006d-ffff-ffff0000026b/click [39m[32m200[39m [90m748 ms - 14[39m
[35m[HTTP][39m [90m[39m
[35m[HTTP][39m [37m-->[39m [37mGET[39m [37m/wd/hub/session/d8ca7976-c8a1-47c7-af00-4f7a8f739fed/source[39m
[35m[HTTP][39m [90m{}[39m
[35m[W3C (d8ca7976)][39m Driver proxy active, passing request on via HTTP proxy
[35m[WD Proxy][39m Replacing sessionId cffdff0c-c79c-4856-955b-40d7e3a6eda1 with d8ca7976-c8a1-47c7-af00-4f7a8f739fed
[35m[HTTP][39m [37m<-- GET /wd/hub/session/d8ca7976-c8a1-47c7-af00-4f7a8f739fed/source [39m[32m200[39m [90m37 ms - 16451[39m
[35m[HTTP][39m [90m[39m
[35m[HTTP][39m [37m-->[39m [37mGET[39m [37m/wd/hub/session/d8ca7976-c8a1-47c7-af00-4f7a8f739fed/screenshot[39m
[35m[HTTP][39m [90m{}[39m
[35m[HTTP][39m [37m<-- GET /wd/hub/session/d8ca7976-c8a1-47c7-af00-4f7a8f739fed/screenshot [39m[32m200[39m [90m393 ms - 1151276[39m
[35m[HTTP][39m [90m[39m
[35m[HTTP][39m [37m-->[39m [37mGET[39m [37m/wd/hub/session/d8ca7976-c8a1-47c7-af00-4f7a8f739fed/source[39m
[35m[HTTP][39m [90m{}[39m
[35m[W3C (d8ca7976)][39m Driver proxy active, passing request on via HTTP proxy
[35m[WD Proxy][39m Replacing sessionId cffdff0c-c79c-4856-955b-40d7e3a6eda1 with d8ca7976-c8a1-47c7-af00-4f7a8f739fed
[35m[HTTP][39m [37m<-- GET /wd/hub/session/d8ca7976-c8a1-47c7-af00-4f7a8f739fed/source [39m[32m200[39m [90m28 ms - 16451[39m
[35m[HTTP][39m [90m[39m
[35m[HTTP][39m [37m-->[39m [37mGET[39m [37m/wd/hub/session/d8ca7976-c8a1-47c7-af00-4f7a8f739fed/screenshot[39m
[35m[HTTP][39m [90m{}[39m
[35m[HTTP][39m [37m<-- GET /wd/hub/session/d8ca7976-c8a1-47c7-af00-4f7a8f739fed/screenshot [39m[32m200[39m [90m350 ms - 586922[39m
[35m[HTTP][39m [90m[39m
[35m[HTTP][39m [37m-->[39m [37mPOST[39m [37m/wd/hub/session/d8ca7976-c8a1-47c7-af00-4f7a8f739fed/elements[39m
[35m[HTTP][39m [90m{"using":"xpath","value":"//*[@class = 'android.widget.ImageButton' and @resource-id = 'com.exito.appcompania:id/text_input_end_icon' and (@text = '' or . = '')]"}[39m
[35m[HTTP][39m [37m<-- POST /wd/hub/session/d8ca7976-c8a1-47c7-af00-4f7a8f739fed/elements [39m[32m200[39m [90m27 ms - 267[39m
[35m[HTTP][39m [90m[39m
[35m[HTTP][39m [37m-->[39m [37mPOST[39m [37m/wd/hub/session/d8ca7976-c8a1-47c7-af00-4f7a8f739fed/elements[39m
[35m[HTTP][39m [90m{"using":"accessibility id","value":"Show dropdown menu"}[39m
[35m[HTTP][39m [37m<-- POST /wd/hub/session/d8ca7976-c8a1-47c7-af00-4f7a8f739fed/elements [39m[32m200[39m [90m20 ms - 267[39m
[35m[HTTP][39m [90m[39m
[35m[HTTP][39m [37m-->[39m [37mPOST[39m [37m/wd/hub/session/d8ca7976-c8a1-47c7-af00-4f7a8f739fed/elements[39m
[35m[HTTP][39m [90m{"using":"id","value":"com.exito.appcompania:id/text_input_end_icon"}[39m
[35m[HTTP][39m [37m<-- POST /wd/hub/session/d8ca7976-c8a1-47c7-af00-4f7a8f739fed/elements [39m[32m200[39m [90m16 ms - 267[39m
[35m[HTTP][39m [90m[39m
[35m[HTTP][39m [37m-->[39m [37mPOST[39m [37m/wd/hub/session/d8ca7976-c8a1-47c7-af00-4f7a8f739fed/elements[39m
[35m[HTTP][39m [90m{"using":"-android uiautomator","value":"new UiSelector().className(\"android.widget.ImageButton\").resourceId(\"com.exito.appcompania:id/text_input_end_icon\")"}[39m
[35m[HTTP][39m [37m<-- POST /wd/hub/session/d8ca7976-c8a1-47c7-af00-4f7a8f739fed/elements [39m[32m200[39m [90m35 ms - 267[39m
[35m[HTTP][39m [90m[39m
[35m[HTTP][39m [37m-->[39m [37mGET[39m [37m/wd/hub/session/d8ca7976-c8a1-47c7-af00-4f7a8f739fed/window/rect[39m
[35m[HTTP][39m [90m{}[39m
[35m[HTTP][39m [37m<-- GET /wd/hub/session/d8ca7976-c8a1-47c7-af00-4f7a8f739fed/window/rect [39m[32m200[39m [90m15 ms - 50[39m
[35m[HTTP][39m [90m[39m
[35m[HTTP][39m [37m-->[39m [37mPOST[39m [37m/wd/hub/session/d8ca7976-c8a1-47c7-af00-4f7a8f739fed/elements[39m
[35m[HTTP][39m [90m{"using":"xpath","value":"//hierarchy/android.widget.FrameLayout[1]/android.widget.LinearLayout[1]/android.widget.FrameLayout[1]/android.widget.FrameLayout[1]/android.widget.FrameLayout[1]/android.widget.FrameLayout[1]/android.view.ViewGroup[1]/android.widget.FrameLayout[1]/android.view.ViewGroup[1]/android.widget.FrameLayout[1]/android.view.ViewGroup[1]/android.view.ViewGroup[1]/androidx.appcompat.widget.LinearLayoutCompat[1]/android.widget.LinearLayout[2]/android.widget.FrameLayout[1]/android.widget.LinearLayout[1]/android.widget.FrameLayout[1]/android.widget.ImageButton[1]"}[39m
[35m[HTTP][39m [37m<-- POST /wd/hub/session/d8ca7976-c8a1-47c7-af00-4f7a8f739fed/elements [39m[32m200[39m [90m25 ms - 139[39m
[35m[HTTP][39m [90m[39m
[35m[HTTP][39m [37m-->[39m [37mGET[39m [37m/wd/hub/session/d8ca7976-c8a1-47c7-af00-4f7a8f739fed/element/00000000-0000-006d-ffff-ffff0000057e/location[39m
[35m[HTTP][39m [90m{}[39m
[35m[W3C (d8ca7976)][39m Driver proxy active, passing request on via HTTP proxy
[35m[WD Proxy][39m Replacing sessionId cffdff0c-c79c-4856-955b-40d7e3a6eda1 with d8ca7976-c8a1-47c7-af00-4f7a8f739fed
[35m[HTTP][39m [37m<-- GET /wd/hub/session/d8ca7976-c8a1-47c7-af00-4f7a8f739fed/element/00000000-0000-006d-ffff-ffff0000057e/location [39m[32m200[39m [90m16 ms - 79[39m
[35m[HTTP][39m [90m[39m
[35m[HTTP][39m [37m-->[39m [37mPOST[39m [37m/wd/hub/session/d8ca7976-c8a1-47c7-af00-4f7a8f739fed/element/00000000-0000-006d-ffff-ffff0000057e/click[39m
[35m[HTTP][39m [90m{"id":"00000000-0000-006d-ffff-ffff0000057e"}[39m
[35m[HTTP][39m [37m<-- POST /wd/hub/session/d8ca7976-c8a1-47c7-af00-4f7a8f739fed/element/00000000-0000-006d-ffff-ffff0000057e/click [39m[32m200[39m [90m58 ms - 14[39m
[35m[HTTP][39m [90m[39m
[35m[HTTP][39m [37m-->[39m [37mGET[39m [37m/wd/hub/session/d8ca7976-c8a1-47c7-af00-4f7a8f739fed/source[39m
[35m[HTTP][39m [90m{}[39m
[35m[W3C (d8ca7976)][39m Driver proxy active, passing request on via HTTP proxy
[35m[WD Proxy][39m Replacing sessionId cffdff0c-c79c-4856-955b-40d7e3a6eda1 with d8ca7976-c8a1-47c7-af00-4f7a8f739fed
[35m[HTTP][39m [37m<-- GET /wd/hub/session/d8ca7976-c8a1-47c7-af00-4f7a8f739fed/source [39m[32m200[39m [90m124 ms - 16450[39m
[35m[HTTP][39m [90m[39m
[35m[HTTP][39m [37m-->[39m [37mGET[39m [37m/wd/hub/session/d8ca7976-c8a1-47c7-af00-4f7a8f739fed/screenshot[39m
[35m[HTTP][39m [90m{}[39m
[35m[HTTP][39m [37m<-- GET /wd/hub/session/d8ca7976-c8a1-47c7-af00-4f7a8f739fed/screenshot [39m[32m200[39m [90m410 ms - 691010[39m
[35m[HTTP][39m [90m[39m
[35m[HTTP][39m [37m-->[39m [37mPOST[39m [37m/wd/hub/session/d8ca7976-c8a1-47c7-af00-4f7a8f739fed/elements[39m
[35m[HTTP][39m [90m{"using":"xpath","value":"//*[@class = 'android.widget.EditText' and (@text = 'Ingresa la dirección' or . = 'Ingresa la dirección')]"}[39m
[35m[HTTP][39m [37m<-- POST /wd/hub/session/d8ca7976-c8a1-47c7-af00-4f7a8f739fed/elements [39m[32m200[39m [90m23 ms - 139[39m
[35m[HTTP][39m [90m[39m
[35m[HTTP][39m [37m-->[39m [37mGET[39m [37m/wd/hub/session/d8ca7976-c8a1-47c7-af00-4f7a8f739fed/window/rect[39m
[35m[HTTP][39m [90m{}[39m
[35m[HTTP][39m [37m<-- GET /wd/hub/session/d8ca7976-c8a1-47c7-af00-4f7a8f739fed/window/rect [39m[32m200[39m [90m9 ms - 50[39m
[35m[HTTP][39m [90m[39m
[35m[HTTP][39m [37m-->[39m [37mPOST[39m [37m/wd/hub/session/d8ca7976-c8a1-47c7-af00-4f7a8f739fed/elements[39m
[35m[HTTP][39m [90m{"using":"xpath","value":"//*[@class = 'android.widget.EditText' and (@text = 'Ingresa la dirección' or . = 'Ingresa la dirección')]"}[39m
[35m[HTTP][39m [37m<-- POST /wd/hub/session/d8ca7976-c8a1-47c7-af00-4f7a8f739fed/elements [39m[32m200[39m [90m37 ms - 139[39m
[35m[HTTP][39m [90m[39m
[35m[HTTP][39m [37m-->[39m [37mGET[39m [37m/wd/hub/session/d8ca7976-c8a1-47c7-af00-4f7a8f739fed/element/00000000-0000-006d-ffff-ffff00000582/location[39m
[35m[HTTP][39m [90m{}[39m
[35m[W3C (d8ca7976)][39m Driver proxy active, passing request on via HTTP proxy
[35m[WD Proxy][39m Replacing sessionId cffdff0c-c79c-4856-955b-40d7e3a6eda1 with d8ca7976-c8a1-47c7-af00-4f7a8f739fed
[35m[HTTP][39m [37m<-- GET /wd/hub/session/d8ca7976-c8a1-47c7-af00-4f7a8f739fed/element/00000000-0000-006d-ffff-ffff00000582/location [39m[32m200[39m [90m16 ms - 78[39m
[35m[HTTP][39m [90m[39m
[35m[HTTP][39m [37m-->[39m [37mPOST[39m [37m/wd/hub/session/d8ca7976-c8a1-47c7-af00-4f7a8f739fed/element/00000000-0000-006d-ffff-ffff00000582/click[39m
[35m[HTTP][39m [90m{"id":"00000000-0000-006d-ffff-ffff00000582"}[39m
[35m[HTTP][39m [37m<-- POST /wd/hub/session/d8ca7976-c8a1-47c7-af00-4f7a8f739fed/element/00000000-0000-006d-ffff-ffff00000582/click [39m[32m200[39m [90m811 ms - 14[39m
[35m[HTTP][39m [90m[39m
[35m[HTTP][39m [37m-->[39m [37mGET[39m [37m/wd/hub/session/d8ca7976-c8a1-47c7-af00-4f7a8f739fed/source[39m
[35m[HTTP][39m [90m{}[39m
[35m[W3C (d8ca7976)][39m Driver proxy active, passing request on via HTTP proxy
[35m[WD Proxy][39m Replacing sessionId cffdff0c-c79c-4856-955b-40d7e3a6eda1 with d8ca7976-c8a1-47c7-af00-4f7a8f739fed
[35m[HTTP][39m [37m<-- GET /wd/hub/session/d8ca7976-c8a1-47c7-af00-4f7a8f739fed/source [39m[32m200[39m [90m35 ms - 16438[39m
[35m[HTTP][39m [90m[39m
[35m[HTTP][39m [37m-->[39m [37mGET[39m [37m/wd/hub/session/d8ca7976-c8a1-47c7-af00-4f7a8f739fed/screenshot[39m
[35m[HTTP][39m [90m{}[39m
[35m[HTTP][39m [37m<-- GET /wd/hub/session/d8ca7976-c8a1-47c7-af00-4f7a8f739fed/screenshot [39m[32m200[39m [90m347 ms - 584180[39m
[35m[HTTP][39m [90m[39m
[35m[HTTP][39m [37m-->[39m [37mPOST[39m [37m/wd/hub/session/d8ca7976-c8a1-47c7-af00-4f7a8f739fed/elements[39m
[35m[HTTP][39m [90m{"using":"xpath","value":"//*[@class = 'android.widget.EditText' and (@text = 'Ingresa la dirección' or . = 'Ingresa la dirección')]"}[39m
[35m[HTTP][39m [37m<-- POST /wd/hub/session/d8ca7976-c8a1-47c7-af00-4f7a8f739fed/elements [39m[32m200[39m [90m27 ms - 139[39m
[35m[HTTP][39m [90m[39m
[35m[HTTP][39m [37m-->[39m [37mGET[39m [37m/wd/hub/session/d8ca7976-c8a1-47c7-af00-4f7a8f739fed/window/rect[39m
[35m[HTTP][39m [90m{}[39m
[35m[HTTP][39m [37m<-- GET /wd/hub/session/d8ca7976-c8a1-47c7-af00-4f7a8f739fed/window/rect [39m[32m200[39m [90m9 ms - 50[39m
[35m[HTTP][39m [90m[39m
[35m[HTTP][39m [37m-->[39m [37mPOST[39m [37m/wd/hub/session/d8ca7976-c8a1-47c7-af00-4f7a8f739fed/elements[39m
[35m[HTTP][39m [90m{"using":"xpath","value":"//*[@class = 'android.widget.EditText' and (@text = 'Ingresa la dirección' or . = 'Ingresa la dirección')]"}[39m
[35m[HTTP][39m [37m<-- POST /wd/hub/session/d8ca7976-c8a1-47c7-af00-4f7a8f739fed/elements [39m[32m200[39m [90m35 ms - 139[39m
[35m[HTTP][39m [90m[39m
[35m[HTTP][39m [37m-->[39m [37mGET[39m [37m/wd/hub/session/d8ca7976-c8a1-47c7-af00-4f7a8f739fed/element/00000000-0000-006d-ffff-ffff00000582/location[39m
[35m[HTTP][39m [90m{}[39m
[35m[W3C (d8ca7976)][39m Driver proxy active, passing request on via HTTP proxy
[35m[WD Proxy][39m Replacing sessionId cffdff0c-c79c-4856-955b-40d7e3a6eda1 with d8ca7976-c8a1-47c7-af00-4f7a8f739fed
[35m[HTTP][39m [37m<-- GET /wd/hub/session/d8ca7976-c8a1-47c7-af00-4f7a8f739fed/element/00000000-0000-006d-ffff-ffff00000582/location [39m[32m200[39m [90m14 ms - 78[39m
[35m[HTTP][39m [90m[39m
[35m[HTTP][39m [37m-->[39m [37mPOST[39m [37m/wd/hub/session/d8ca7976-c8a1-47c7-af00-4f7a8f739fed/element/00000000-0000-006d-ffff-ffff00000582/click[39m
[35m[HTTP][39m [90m{"id":"00000000-0000-006d-ffff-ffff00000582"}[39m
[35m[HTTP][39m [37m<-- POST /wd/hub/session/d8ca7976-c8a1-47c7-af00-4f7a8f739fed/element/00000000-0000-006d-ffff-ffff00000582/click [39m[32m200[39m [90m992 ms - 14[39m
[35m[HTTP][39m [90m[39m
[35m[HTTP][39m [37m-->[39m [37mGET[39m [37m/wd/hub/session/d8ca7976-c8a1-47c7-af00-4f7a8f739fed/source[39m
[35m[HTTP][39m [90m{}[39m
[35m[W3C (d8ca7976)][39m Driver proxy active, passing request on via HTTP proxy
[35m[WD Proxy][39m Replacing sessionId cffdff0c-c79c-4856-955b-40d7e3a6eda1 with d8ca7976-c8a1-47c7-af00-4f7a8f739fed
[35m[HTTP][39m [37m<-- GET /wd/hub/session/d8ca7976-c8a1-47c7-af00-4f7a8f739fed/source [39m[32m200[39m [90m31 ms - 15960[39m
[35m[HTTP][39m [90m[39m
[35m[HTTP][39m [37m-->[39m [37mGET[39m [37m/wd/hub/session/d8ca7976-c8a1-47c7-af00-4f7a8f739fed/screenshot[39m
[35m[HTTP][39m [90m{}[39m
[35m[HTTP][39m [37m<-- GET /wd/hub/session/d8ca7976-c8a1-47c7-af00-4f7a8f739fed/screenshot [39m[32m200[39m [90m647 ms - 2540950[39m
[35m[HTTP][39m [90m[39m
[35m[HTTP][39m [37m-->[39m [37mGET[39m [37m/wd/hub/session/d8ca7976-c8a1-47c7-af00-4f7a8f739fed/source[39m
[35m[HTTP][39m [90m{}[39m
[35m[W3C (d8ca7976)][39m Driver proxy active, passing request on via HTTP proxy
[35m[WD Proxy][39m Replacing sessionId cffdff0c-c79c-4856-955b-40d7e3a6eda1 with d8ca7976-c8a1-47c7-af00-4f7a8f739fed
[35m[HTTP][39m [37m<-- GET /wd/hub/session/d8ca7976-c8a1-47c7-af00-4f7a8f739fed/source [39m[32m200[39m [90m21 ms - 15960[39m
[35m[HTTP][39m [90m[39m
[35m[HTTP][39m [37m-->[39m [37mGET[39m [37m/wd/hub/session/d8ca7976-c8a1-47c7-af00-4f7a8f739fed/screenshot[39m
[35m[HTTP][39m [90m{}[39m
[35m[HTTP][39m [37m<-- GET /wd/hub/session/d8ca7976-c8a1-47c7-af00-4f7a8f739fed/screenshot [39m[32m200[39m [90m425 ms - 1557808[39m
[35m[HTTP][39m [90m[39m
[35m[HTTP][39m [37m-->[39m [37mGET[39m [37m/wd/hub/session/d8ca7976-c8a1-47c7-af00-4f7a8f739fed/source[39m
[35m[HTTP][39m [90m{}[39m
[35m[W3C (d8ca7976)][39m Driver proxy active, passing request on via HTTP proxy
[35m[WD Proxy][39m Replacing sessionId cffdff0c-c79c-4856-955b-40d7e3a6eda1 with d8ca7976-c8a1-47c7-af00-4f7a8f739fed
[35m[HTTP][39m [37m<-- GET /wd/hub/session/d8ca7976-c8a1-47c7-af00-4f7a8f739fed/source [39m[32m200[39m [90m27 ms - 15960[39m
[35m[HTTP][39m [90m[39m
[35m[HTTP][39m [37m-->[39m [37mGET[39m [37m/wd/hub/session/d8ca7976-c8a1-47c7-af00-4f7a8f739fed/screenshot[39m
[35m[HTTP][39m [90m{}[39m
[35m[HTTP][39m [37m<-- GET /wd/hub/session/d8ca7976-c8a1-47c7-af00-4f7a8f739fed/screenshot [39m[32m200[39m [90m289 ms - 316886[39m
[35m[HTTP][39m [90m[39m
[35m[HTTP][39m [37m-->[39m [37mPOST[39m [37m/wd/hub/session/d8ca7976-c8a1-47c7-af00-4f7a8f739fed/elements[39m
[35m[HTTP][39m [90m{"using":"xpath","value":"//*[@class = 'android.widget.EditText' and (@text = 'Ingresa la dirección' or . = 'Ingresa la dirección')]"}[39m
[35m[HTTP][39m [37m<-- POST /wd/hub/session/d8ca7976-c8a1-47c7-af00-4f7a8f739fed/elements [39m[32m200[39m [90m27 ms - 139[39m
[35m[HTTP][39m [90m[39m
[35m[HTTP][39m [37m-->[39m [37mGET[39m [37m/wd/hub/session/d8ca7976-c8a1-47c7-af00-4f7a8f739fed/window/rect[39m
[35m[HTTP][39m [90m{}[39m
[35m[HTTP][39m [37m<-- GET /wd/hub/session/d8ca7976-c8a1-47c7-af00-4f7a8f739fed/window/rect [39m[32m200[39m [90m5 ms - 50[39m
[35m[HTTP][39m [90m[39m
[35m[HTTP][39m [37m-->[39m [37mPOST[39m [37m/wd/hub/session/d8ca7976-c8a1-47c7-af00-4f7a8f739fed/elements[39m
[35m[HTTP][39m [90m{"using":"xpath","value":"//*[@class = 'android.widget.EditText' and (@text = 'Ingresa la dirección' or . = 'Ingresa la dirección')]"}[39m
[35m[HTTP][39m [37m<-- POST /wd/hub/session/d8ca7976-c8a1-47c7-af00-4f7a8f739fed/elements [39m[32m200[39m [90m34 ms - 139[39m
[35m[HTTP][39m [90m[39m
[35m[HTTP][39m [37m-->[39m [37mGET[39m [37m/wd/hub/session/d8ca7976-c8a1-47c7-af00-4f7a8f739fed/element/00000000-0000-006d-ffff-ffff00000582/location[39m
[35m[HTTP][39m [90m{}[39m
[35m[W3C (d8ca7976)][39m Driver proxy active, passing request on via HTTP proxy
[35m[WD Proxy][39m Replacing sessionId cffdff0c-c79c-4856-955b-40d7e3a6eda1 with d8ca7976-c8a1-47c7-af00-4f7a8f739fed
[35m[HTTP][39m [37m<-- GET /wd/hub/session/d8ca7976-c8a1-47c7-af00-4f7a8f739fed/element/00000000-0000-006d-ffff-ffff00000582/location [39m[32m200[39m [90m19 ms - 78[39m
[35m[HTTP][39m [90m[39m
[35m[HTTP][39m [37m-->[39m [37mPOST[39m [37m/wd/hub/session/d8ca7976-c8a1-47c7-af00-4f7a8f739fed/element/00000000-0000-006d-ffff-ffff00000582/clear[39m
[35m[HTTP][39m [90m{"id":"00000000-0000-006d-ffff-ffff00000582"}[39m
[35m[HTTP][39m [37m<-- POST /wd/hub/session/d8ca7976-c8a1-47c7-af00-4f7a8f739fed/element/00000000-0000-006d-ffff-ffff00000582/clear [39m[32m200[39m [90m21 ms - 14[39m
[35m[HTTP][39m [90m[39m
[35m[HTTP][39m [37m-->[39m [37mPOST[39m [37m/wd/hub/session/d8ca7976-c8a1-47c7-af00-4f7a8f739fed/element/00000000-0000-006d-ffff-ffff00000582/value[39m
[35m[HTTP][39m [90m{"id":"00000000-0000-006d-ffff-ffff00000582","text":"Carrera 9 # 12-15","value":["C","a","r","r","e","r","a"," ","9"," ","#"," ","1","2","-","1","5"]}[39m
[35m[HTTP][39m [37m<-- POST /wd/hub/session/d8ca7976-c8a1-47c7-af00-4f7a8f739fed/element/00000000-0000-006d-ffff-ffff00000582/value [39m[32m200[39m [90m1744 ms - 14[39m
[35m[HTTP][39m [90m[39m
[35m[HTTP][39m [37m-->[39m [37mGET[39m [37m/wd/hub/session/d8ca7976-c8a1-47c7-af00-4f7a8f739fed/source[39m
[35m[HTTP][39m [90m{}[39m
[35m[W3C (d8ca7976)][39m Driver proxy active, passing request on via HTTP proxy
[35m[WD Proxy][39m Replacing sessionId cffdff0c-c79c-4856-955b-40d7e3a6eda1 with d8ca7976-c8a1-47c7-af00-4f7a8f739fed
[35m[HTTP][39m [37m<-- GET /wd/hub/session/d8ca7976-c8a1-47c7-af00-4f7a8f739fed/source [39m[32m200[39m [90m123 ms - 15956[39m
[35m[HTTP][39m [90m[39m
[35m[HTTP][39m [37m-->[39m [37mGET[39m [37m/wd/hub/session/d8ca7976-c8a1-47c7-af00-4f7a8f739fed/screenshot[39m
[35m[HTTP][39m [90m{}[39m
[35m[HTTP][39m [37m<-- GET /wd/hub/session/d8ca7976-c8a1-47c7-af00-4f7a8f739fed/screenshot [39m[32m200[39m [90m275 ms - 291080[39m
[35m[HTTP][39m [90m[39m
[35m[HTTP][39m [37m-->[39m [37mGET[39m [37m/wd/hub/session/d8ca7976-c8a1-47c7-af00-4f7a8f739fed/context[39m
[35m[HTTP][39m [90m{}[39m
[35m[HTTP][39m [37m<-- GET /wd/hub/session/d8ca7976-c8a1-47c7-af00-4f7a8f739fed/context [39m[32m200[39m [90m1 ms - 22[39m
[35m[HTTP][39m [90m[39m
[35m[HTTP][39m [37m-->[39m [37mGET[39m [37m/wd/hub/session/d8ca7976-c8a1-47c7-af00-4f7a8f739fed/contexts[39m
[35m[HTTP][39m [90m{}[39m
[35m[HTTP][39m [37m<-- GET /wd/hub/session/d8ca7976-c8a1-47c7-af00-4f7a8f739fed/contexts [39m[32m200[39m [90m61 ms - 24[39m
[35m[HTTP][39m [90m[39m
[35m[HTTP][39m [37m-->[39m [37mPOST[39m [37m/wd/hub/session/d8ca7976-c8a1-47c7-af00-4f7a8f739fed/context[39m
[35m[HTTP][39m [90m{"name":"NATIVE_APP"}[39m
[35m[HTTP][39m [37m<-- POST /wd/hub/session/d8ca7976-c8a1-47c7-af00-4f7a8f739fed/context [39m[32m200[39m [90m2 ms - 14[39m
[35m[HTTP][39m [90m[39m
[35m[HTTP][39m [37m-->[39m [37mPOST[39m [37m/wd/hub/session/d8ca7976-c8a1-47c7-af00-4f7a8f739fed/appium/device/hide_keyboard[39m
[35m[HTTP][39m [90m{}[39m
[35m[HTTP][39m [37m<-- POST /wd/hub/session/d8ca7976-c8a1-47c7-af00-4f7a8f739fed/appium/device/hide_keyboard [39m[32m200[39m [90m828 ms - 14[39m
[35m[HTTP][39m [90m[39m
[35m[HTTP][39m [37m-->[39m [37mPOST[39m [37m/wd/hub/session/d8ca7976-c8a1-47c7-af00-4f7a8f739fed/context[39m
[35m[HTTP][39m [90m{"name":"NATIVE_APP"}[39m
[35m[HTTP][39m [37m<-- POST /wd/hub/session/d8ca7976-c8a1-47c7-af00-4f7a8f739fed/context [39m[32m200[39m [90m1 ms - 14[39m
[35m[HTTP][39m [90m[39m
[35m[HTTP][39m [37m-->[39m [37mGET[39m [37m/wd/hub/session/d8ca7976-c8a1-47c7-af00-4f7a8f739fed/source[39m
[35m[HTTP][39m [90m{}[39m
[35m[W3C (d8ca7976)][39m Driver proxy active, passing request on via HTTP proxy
[35m[WD Proxy][39m Replacing sessionId cffdff0c-c79c-4856-955b-40d7e3a6eda1 with d8ca7976-c8a1-47c7-af00-4f7a8f739fed
[35m[HTTP][39m [37m<-- GET /wd/hub/session/d8ca7976-c8a1-47c7-af00-4f7a8f739fed/source [39m[32m200[39m [90m94 ms - 47527[39m
[35m[HTTP][39m [90m[39m
[35m[HTTP][39m [37m-->[39m [37mGET[39m [37m/wd/hub/session/d8ca7976-c8a1-47c7-af00-4f7a8f739fed/screenshot[39m
[35m[HTTP][39m [90m{}[39m
[35m[HTTP][39m [37m<-- GET /wd/hub/session/d8ca7976-c8a1-47c7-af00-4f7a8f739fed/screenshot [39m[32m200[39m [90m273 ms - 239464[39m
[35m[HTTP][39m [90m[39m
[35m[HTTP][39m [37m-->[39m [37mPOST[39m [37m/wd/hub/session/d8ca7976-c8a1-47c7-af00-4f7a8f739fed/elements[39m
[35m[HTTP][39m [90m{"using":"xpath","value":"//*[@class = 'android.widget.TextView' and (@text = 'Calle 14 # 12 - 15' or . = 'Calle 14 # 12 - 15') and @resource-id = 'com.exito.appcompania:id/appCompatTextView_home_delivery_description']"}[39m
[35m[HTTP][39m [37m<-- POST /wd/hub/session/d8ca7976-c8a1-47c7-af00-4f7a8f739fed/elements [39m[32m200[39m [90m78 ms - 139[39m
[35m[HTTP][39m [90m[39m
[35m[HTTP][39m [37m-->[39m [37mPOST[39m [37m/wd/hub/session/d8ca7976-c8a1-47c7-af00-4f7a8f739fed/elements[39m
[35m[HTTP][39m [90m{"using":"xpath","value":"//*[@class = 'android.widget.TextView' and (@text = 'Calle 14 # 12 - 15' or . = 'Calle 14 # 12 - 15') and @resource-id = 'com.exito.appcompania:id/appCompatTextView_home_delivery_description']"}[39m
[35m[HTTP][39m [37m<-- POST /wd/hub/session/d8ca7976-c8a1-47c7-af00-4f7a8f739fed/elements [39m[32m200[39m [90m94 ms - 139[39m
[35m[HTTP][39m [90m[39m
[35m[HTTP][39m [37m-->[39m [37mGET[39m [37m/wd/hub/session/d8ca7976-c8a1-47c7-af00-4f7a8f739fed/window/rect[39m
[35m[HTTP][39m [90m{}[39m
[35m[HTTP][39m [37m<-- GET /wd/hub/session/d8ca7976-c8a1-47c7-af00-4f7a8f739fed/window/rect [39m[32m200[39m [90m5 ms - 50[39m
[35m[HTTP][39m [90m[39m
[35m[HTTP][39m [37m-->[39m [37mPOST[39m [37m/wd/hub/session/d8ca7976-c8a1-47c7-af00-4f7a8f739fed/elements[39m
[35m[HTTP][39m [90m{"using":"xpath","value":"//*[@class = 'android.widget.TextView' and (@text = 'Calle 14 # 12 - 15' or . = 'Calle 14 # 12 - 15') and @resource-id = 'com.exito.appcompania:id/appCompatTextView_home_delivery_description']"}[39m
[35m[HTTP][39m [37m<-- POST /wd/hub/session/d8ca7976-c8a1-47c7-af00-4f7a8f739fed/elements [39m[32m200[39m [90m97 ms - 139[39m
[35m[HTTP][39m [90m[39m
[35m[HTTP][39m [37m-->[39m [37mGET[39m [37m/wd/hub/session/d8ca7976-c8a1-47c7-af00-4f7a8f739fed/element/00000000-0000-006d-ffff-ffff00000663/location[39m
[35m[HTTP][39m [90m{}[39m
[35m[W3C (d8ca7976)][39m Driver proxy active, passing request on via HTTP proxy
[35m[WD Proxy][39m Replacing sessionId cffdff0c-c79c-4856-955b-40d7e3a6eda1 with d8ca7976-c8a1-47c7-af00-4f7a8f739fed
[35m[HTTP][39m [37m<-- GET /wd/hub/session/d8ca7976-c8a1-47c7-af00-4f7a8f739fed/element/00000000-0000-006d-ffff-ffff00000663/location [39m[32m200[39m [90m14 ms - 78[39m
[35m[HTTP][39m [90m[39m
[35m[HTTP][39m [37m-->[39m [37mGET[39m [37m/wd/hub/session/d8ca7976-c8a1-47c7-af00-4f7a8f739fed/element/00000000-0000-006d-ffff-ffff00000663/text[39m
[35m[HTTP][39m [90m{}[39m
[35m[W3C (d8ca7976)][39m Driver proxy active, passing request on via HTTP proxy
[35m[WD Proxy][39m Replacing sessionId cffdff0c-c79c-4856-955b-40d7e3a6eda1 with d8ca7976-c8a1-47c7-af00-4f7a8f739fed
[35m[HTTP][39m [37m<-- GET /wd/hub/session/d8ca7976-c8a1-47c7-af00-4f7a8f739fed/element/00000000-0000-006d-ffff-ffff00000663/text [39m[32m200[39m [90m13 ms - 81[39m
[35m[HTTP][39m [90m[39m
[35m[HTTP][39m [37m-->[39m [37mGET[39m [37m/wd/hub/session/d8ca7976-c8a1-47c7-af00-4f7a8f739fed/source[39m
[35m[HTTP][39m [90m{}[39m
[35m[W3C (d8ca7976)][39m Driver proxy active, passing request on via HTTP proxy
[35m[WD Proxy][39m Replacing sessionId cffdff0c-c79c-4856-955b-40d7e3a6eda1 with d8ca7976-c8a1-47c7-af00-4f7a8f739fed
[35m[HTTP][39m [37m<-- GET /wd/hub/session/d8ca7976-c8a1-47c7-af00-4f7a8f739fed/source [39m[32m200[39m [90m107 ms - 47527[39m
[35m[HTTP][39m [90m[39m
[35m[HTTP][39m [37m-->[39m [37mGET[39m [37m/wd/hub/session/d8ca7976-c8a1-47c7-af00-4f7a8f739fed/screenshot[39m
[35m[HTTP][39m [90m{}[39m
[35m[HTTP][39m [37m<-- GET /wd/hub/session/d8ca7976-c8a1-47c7-af00-4f7a8f739fed/screenshot [39m[32m200[39m [90m275 ms - 239464[39m
[35m[HTTP][39m [90m[39m
[35m[HTTP][39m [37m-->[39m [37mDELETE[39m [37m/wd/hub/session/d8ca7976-c8a1-47c7-af00-4f7a8f739fed[39m
[35m[HTTP][39m [90m{}[39m
[35m[Appium][39m Removing session d8ca7976-c8a1-47c7-af00-4f7a8f739fed from our master session list
[35m[UiAutomator2][39m Restoring hidden api policy to the device default configuration
[35m[HTTP][39m [37m<-- DELETE /wd/hub/session/d8ca7976-c8a1-47c7-af00-4f7a8f739fed [39m[32m200[39m [90m266 ms - 14[39m
[35m[HTTP][39m [90m[39m
